<?xml version="1.0" encoding="UTF-8"?>
<!-- Generated by org.testng.reporters.JUnitXMLReporter -->
<testsuite ignored="12" hostname="DESKTOP-KDKJ11Q" failures="5" tests="29" name="Test" time="805.227" errors="0" timestamp="2022-02-25T13:51:10 PST">
  <testcase classname="com.salesForce.tests.Login.LoginTest" name="ForgotPassword4A" time="2.694"/>
  <testcase classname="com.salesForce.tests.Login.LoginTest" name="LoginToSFDCT2" time="8.304"/>
  <testcase classname="com.salesForce.tests.Login.LoginTest" name="LoginwithoutPwdT1" time="1.488"/>
  <testcase classname="com.salesForce.tests.Login.LoginTest" name="checkRemeberMe3" time="13.247"/>
  <testcase classname="com.salesForce.tests.Login.LoginTest" name="validateLoginErrorMesg4B" time="0.741"/>
  <testcase classname="com.salesForce.tests.Home.UserMenuDropDownTest" name="developerCOnsoleT08" time="16.886"/>
  <testcase classname="com.salesForce.tests.Home.UserMenuDropDownTest" name="userDropLogOut" time="12.717"/>
  <testcase classname="com.salesForce.tests.Home.UserMenuDropDownTest" name="userDropdownMysettingsT07" time="21.882"/>
  <testcase classname="com.salesForce.tests.Home.UserMenuDropDownTest" name="userMenuVerification" time="110.297">
    <failure type="org.openqa.selenium.TimeoutException" message="Expected condition failed: waiting for visibility of Proxy element for: DefaultElementLocator &amp;apos;By.xpath: //div[@class=&amp;apos;photoSection hasPhotoLinks&amp;apos;]//a[1]&amp;apos; (tried for 50 second(s) with 500 milliseconds interval)">
      <![CDATA[org.openqa.selenium.TimeoutException: Expected condition failed: waiting for visibility of Proxy element for: DefaultElementLocator 'By.xpath: //div[@class='photoSection hasPhotoLinks']//a[1]' (tried for 50 second(s) with 500 milliseconds interval)
at org.openqa.selenium.support.ui.WebDriverWait.timeoutException(WebDriverWait.java:95)
at org.openqa.selenium.support.ui.FluentWait.until(FluentWait.java:272)
at com.salesForce.base.BasePage.waitUntilVisible(BasePage.java:106)
at com.salesForce.pages.profiles.ProfilePage.clickuploadphotolink(ProfilePage.java:115)
at com.salesForce.tests.Home.UserMenuDropDownTest.userMenuVerification(UserMenuDropDownTest.java:33)
at java.base/java.util.ArrayList.forEach(ArrayList.java:1511)
Caused by: org.openqa.selenium.NoSuchElementException: no such element: Unable to locate element: {"method":"xpath","selector":"//div[@class='photoSection hasPhotoLinks']//a[1]"}
  (Session info: chrome=98.0.4758.102)
For documentation on this error, please visit: http://seleniumhq.org/exceptions/no_such_element.html
Build info: version: '3.141.5', revision: 'd54ebd709a', time: '2018-11-06T11:42:16'
System info: host: 'DESKTOP-KDKJ11Q', ip: '192.168.0.10', os.name: 'Windows 10', os.arch: 'amd64', os.version: '10.0', java.version: '16.0.2'
Driver info: org.openqa.selenium.chrome.ChromeDriver
Capabilities {acceptInsecureCerts: false, browserName: chrome, browserVersion: 98.0.4758.102, chrome: {chromedriverVersion: 98.0.4758.102 (273bf7ac8c90..., userDataDir: C:\Users\chitr\AppData\Loca...}, goog:chromeOptions: {debuggerAddress: localhost:51157}, javascriptEnabled: true, networkConnectionEnabled: false, pageLoadStrategy: normal, platform: WINDOWS, platformName: WINDOWS, proxy: Proxy(), setWindowRect: true, strictFileInteractability: false, timeouts: {implicit: 0, pageLoad: 300000, script: 30000}, unhandledPromptBehavior: dismiss and notify, webauthn:extension:credBlob: true, webauthn:extension:largeBlob: true, webauthn:virtualAuthenticators: true}
Session ID: df47231dcbc5a7f28e565cd4a7a5a80d
*** Element info: {Using=xpath, value=//div[@class='photoSection hasPhotoLinks']//a[1]}
at org.openqa.selenium.remote.http.W3CHttpResponseCodec.createException(W3CHttpResponseCodec.java:187)
at org.openqa.selenium.remote.http.W3CHttpResponseCodec.decode(W3CHttpResponseCodec.java:122)
at org.openqa.selenium.remote.http.W3CHttpResponseCodec.decode(W3CHttpResponseCodec.java:49)
at org.openqa.selenium.remote.HttpCommandExecutor.execute(HttpCommandExecutor.java:158)
at org.openqa.selenium.remote.service.DriverCommandExecutor.execute(DriverCommandExecutor.java:83)
at org.openqa.selenium.remote.RemoteWebDriver.execute(RemoteWebDriver.java:552)
at org.openqa.selenium.remote.RemoteWebDriver.findElement(RemoteWebDriver.java:323)
at org.openqa.selenium.remote.RemoteWebDriver.findElementByXPath(RemoteWebDriver.java:428)
at org.openqa.selenium.By$ByXPath.findElement(By.java:353)
at org.openqa.selenium.remote.RemoteWebDriver.findElement(RemoteWebDriver.java:315)
at org.openqa.selenium.support.pagefactory.DefaultElementLocator.findElement(DefaultElementLocator.java:69)
at org.openqa.selenium.support.pagefactory.internal.LocatingElementHandler.invoke(LocatingElementHandler.java:38)
at jdk.proxy2/jdk.proxy2.$Proxy15.isDisplayed(Unknown Source)
at org.openqa.selenium.support.ui.ExpectedConditions.elementIfVisible(ExpectedConditions.java:314)
at org.openqa.selenium.support.ui.ExpectedConditions.access$000(ExpectedConditions.java:43)
at org.openqa.selenium.support.ui.ExpectedConditions$10.apply(ExpectedConditions.java:300)
at org.openqa.selenium.support.ui.ExpectedConditions$10.apply(ExpectedConditions.java:297)
at org.openqa.selenium.support.ui.FluentWait.until(FluentWait.java:249)
... 31 more
... Removed 32 stack frames]]>
    </failure>
  </testcase> <!-- userMenuVerification -->
  <testcase classname="com.salesForce.tests.Account.AccountTest" name="mergeAccountT13" time="46.163">
    <failure type="org.openqa.selenium.NoSuchElementException" message="no such element: Unable to locate element: {&amp;quot;method&amp;quot;:&amp;quot;xpath&amp;quot;,&amp;quot;selector&amp;quot;:&amp;quot;/select[@id=&amp;apos;hotlist_mode&amp;apos;]&amp;quot;}
  (Session info: chrome=98.0.4758.102)
For documentation on this error, please visit: http://seleniumhq.org/exceptions/no_such_element.html
Build info: version: &amp;apos;3.141.5&amp;apos;, revision: &amp;apos;d54ebd709a&amp;apos;, time: &amp;apos;2018-11-06T11:42:16&amp;apos;
System info: host: &amp;apos;DESKTOP-KDKJ11Q&amp;apos;, ip: &amp;apos;192.168.0.10&amp;apos;, os.name: &amp;apos;Windows 10&amp;apos;, os.arch: &amp;apos;amd64&amp;apos;, os.version: &amp;apos;10.0&amp;apos;, java.version: &amp;apos;16.0.2&amp;apos;
Driver info: org.openqa.selenium.chrome.ChromeDriver
Capabilities {acceptInsecureCerts: false, browserName: chrome, browserVersion: 98.0.4758.102, chrome: {chromedriverVersion: 98.0.4758.102 (273bf7ac8c90..., userDataDir: C:\Users\chitr\AppData\Loca...}, goog:chromeOptions: {debuggerAddress: localhost:51242}, javascriptEnabled: true, networkConnectionEnabled: false, pageLoadStrategy: normal, platform: WINDOWS, platformName: WINDOWS, proxy: Proxy(), setWindowRect: true, strictFileInteractability: false, timeouts: {implicit: 0, pageLoad: 300000, script: 30000}, unhandledPromptBehavior: dismiss and notify, webauthn:extension:credBlob: true, webauthn:extension:largeBlob: true, webauthn:virtualAuthenticators: true}
Session ID: cde1ee469594475a7d42419215859751
*** Element info: {Using=xpath, value=/select[@id=&amp;apos;hotlist_mode&amp;apos;]}">
      <![CDATA[org.openqa.selenium.NoSuchElementException: no such element: Unable to locate element: {"method":"xpath","selector":"/select[@id='hotlist_mode']"}
  (Session info: chrome=98.0.4758.102)
For documentation on this error, please visit: http://seleniumhq.org/exceptions/no_such_element.html
Build info: version: '3.141.5', revision: 'd54ebd709a', time: '2018-11-06T11:42:16'
System info: host: 'DESKTOP-KDKJ11Q', ip: '192.168.0.10', os.name: 'Windows 10', os.arch: 'amd64', os.version: '10.0', java.version: '16.0.2'
Driver info: org.openqa.selenium.chrome.ChromeDriver
Capabilities {acceptInsecureCerts: false, browserName: chrome, browserVersion: 98.0.4758.102, chrome: {chromedriverVersion: 98.0.4758.102 (273bf7ac8c90..., userDataDir: C:\Users\chitr\AppData\Loca...}, goog:chromeOptions: {debuggerAddress: localhost:51242}, javascriptEnabled: true, networkConnectionEnabled: false, pageLoadStrategy: normal, platform: WINDOWS, platformName: WINDOWS, proxy: Proxy(), setWindowRect: true, strictFileInteractability: false, timeouts: {implicit: 0, pageLoad: 300000, script: 30000}, unhandledPromptBehavior: dismiss and notify, webauthn:extension:credBlob: true, webauthn:extension:largeBlob: true, webauthn:virtualAuthenticators: true}
Session ID: cde1ee469594475a7d42419215859751
*** Element info: {Using=xpath, value=/select[@id='hotlist_mode']}
at org.openqa.selenium.remote.http.W3CHttpResponseCodec.createException(W3CHttpResponseCodec.java:187)
at org.openqa.selenium.remote.http.W3CHttpResponseCodec.decode(W3CHttpResponseCodec.java:122)
at org.openqa.selenium.remote.http.W3CHttpResponseCodec.decode(W3CHttpResponseCodec.java:49)
at org.openqa.selenium.remote.HttpCommandExecutor.execute(HttpCommandExecutor.java:158)
at org.openqa.selenium.remote.service.DriverCommandExecutor.execute(DriverCommandExecutor.java:83)
at org.openqa.selenium.remote.RemoteWebDriver.execute(RemoteWebDriver.java:552)
at org.openqa.selenium.remote.RemoteWebDriver.findElement(RemoteWebDriver.java:323)
at org.openqa.selenium.remote.RemoteWebDriver.findElementByXPath(RemoteWebDriver.java:428)
at org.openqa.selenium.By$ByXPath.findElement(By.java:353)
at org.openqa.selenium.remote.RemoteWebDriver.findElement(RemoteWebDriver.java:315)
at org.openqa.selenium.support.pagefactory.DefaultElementLocator.findElement(DefaultElementLocator.java:69)
at org.openqa.selenium.support.pagefactory.internal.LocatingElementHandler.invoke(LocatingElementHandler.java:38)
at jdk.proxy2/jdk.proxy2.$Proxy15.getTagName(Unknown Source)
at org.openqa.selenium.support.ui.Select.<init>(Select.java:44)
at com.salesForce.base.BasePage.selectByTextData(BasePage.java:135)
at com.salesfForce.pages.Accounts.AccountMerge.mergeAccount(AccountMerge.java:69)
at com.salesForce.tests.Account.AccountTest.mergeAccountT13(AccountTest.java:58)
at java.base/java.util.ArrayList.forEach(ArrayList.java:1511)
... Removed 32 stack frames]]>
    </failure>
  </testcase> <!-- mergeAccountT13 -->
  <testcase classname="com.salesForce.tests.Opportunity.OpportunityTest" name="QuartelySumryReportT18" time="14.158"/>
  <testcase classname="com.salesForce.tests.Opportunity.OpportunityTest" name="createNewOportuntyT16" time="17.586"/>
  <testcase classname="com.salesForce.tests.Opportunity.OpportunityTest" name="opportunityPipeLineUserT17" time="16.735"/>
  <testcase classname="com.salesForce.tests.Opportunity.OpportunityTest" name="opportunityUserT15" time="19.344"/>
  <testcase classname="com.salesForce.tests.Opportunity.OpportunityTest" name="stuckOpportunityT18" time="12.6"/>
  <testcase classname="com.salesForce.test.Leads.LeadTest" name="LeadsHomT20" time="12.111"/>
  <testcase classname="com.salesForce.test.Leads.LeadTest" name="T21LeadSelectView" time="15.414"/>
  <testcase classname="com.salesForce.test.Leads.LeadTest" name="T22DefaultView" time="25.922"/>
  <testcase classname="com.salesForce.test.Leads.LeadTest" name="T23TodaysLead" time="10.124"/>
  <testcase classname="com.salesForce.test.Leads.LeadTest" name="T24NewLead" time="14.525"/>
  <testcase classname="com.salesForce.test.Contacts.ContactTest" name="T26createNewView" time="14.435"/>
  <testcase classname="com.salesForce.test.Contacts.ContactTest" name="T27CheckRecentlyAddesContacts" time="13.611"/>
  <testcase classname="com.salesForce.test.Contacts.ContactTest" name="T28CheckMyContactView" time="42.659">
    <failure type="org.openqa.selenium.NoSuchElementException" message="Cannot locate element with text: My Contacts
For documentation on this error, please visit: http://seleniumhq.org/exceptions/no_such_element.html
Build info: version: &amp;apos;3.141.5&amp;apos;, revision: &amp;apos;d54ebd709a&amp;apos;, time: &amp;apos;2018-11-06T11:42:16&amp;apos;
System info: host: &amp;apos;DESKTOP-KDKJ11Q&amp;apos;, ip: &amp;apos;192.168.0.10&amp;apos;, os.name: &amp;apos;Windows 10&amp;apos;, os.arch: &amp;apos;amd64&amp;apos;, os.version: &amp;apos;10.0&amp;apos;, java.version: &amp;apos;16.0.2&amp;apos;
Driver info: driver.version: unknown">
      <![CDATA[org.openqa.selenium.NoSuchElementException: Cannot locate element with text: My Contacts
For documentation on this error, please visit: http://seleniumhq.org/exceptions/no_such_element.html
Build info: version: '3.141.5', revision: 'd54ebd709a', time: '2018-11-06T11:42:16'
System info: host: 'DESKTOP-KDKJ11Q', ip: '192.168.0.10', os.name: 'Windows 10', os.arch: 'amd64', os.version: '10.0', java.version: '16.0.2'
Driver info: driver.version: unknown
at org.openqa.selenium.support.ui.Select.selectByVisibleText(Select.java:141)
at com.salesfForce.pages.Contacts.ContactHome.myContact(ContactHome.java:88)
at com.salesForce.test.Contacts.ContactTest.T28CheckMyContactView(ContactTest.java:47)
at java.base/java.util.ArrayList.forEach(ArrayList.java:1511)
... Removed 27 stack frames]]>
    </failure>
  </testcase> <!-- T28CheckMyContactView -->
  <testcase classname="com.salesForce.test.Contacts.ContactTest" name="T29ViewContactPage" time="11.039"/>
  <testcase classname="com.salesForce.test.Contacts.ContactTest" name="T30createNewViewErrorMessage" time="19.59">
    <failure type="java.lang.AssertionError" message="contactHome page Verified expected [true] but found [false]">
      <![CDATA[java.lang.AssertionError: contactHome page Verified expected [true] but found [false]
at com.salesForce.test.Contacts.ContactTest.T30createNewViewErrorMessage(ContactTest.java:67)
at java.base/java.util.ArrayList.forEach(ArrayList.java:1511)
... Removed 30 stack frames]]>
    </failure>
  </testcase> <!-- T30createNewViewErrorMessage -->
  <testcase classname="com.salesForce.test.Contacts.ContactTest" name="T31createNewViewCheckCancelButton" time="15.287"/>
  <testcase classname="com.salesForce.test.Contacts.ContactTest" name="T32SaveAndNewButtonVerificationInNewContact" time="16.436"/>
  <testcase classname="com.salesForce.test.Contacts.ContactTest" name="createNewContactsT25" time="21.517"/>
  <testcase classname="comm.fierbase.tests.RandomScenario.RandomScenarioTest" name="verifyTheTabCustomizaionT35" time="18.845">
    <failure type="org.openqa.selenium.NoSuchElementException" message="Cannot locate option with index: 2
For documentation on this error, please visit: http://seleniumhq.org/exceptions/no_such_element.html
Build info: version: &amp;apos;3.141.5&amp;apos;, revision: &amp;apos;d54ebd709a&amp;apos;, time: &amp;apos;2018-11-06T11:42:16&amp;apos;
System info: host: &amp;apos;DESKTOP-KDKJ11Q&amp;apos;, ip: &amp;apos;192.168.0.10&amp;apos;, os.name: &amp;apos;Windows 10&amp;apos;, os.arch: &amp;apos;amd64&amp;apos;, os.version: &amp;apos;10.0&amp;apos;, java.version: &amp;apos;16.0.2&amp;apos;
Driver info: driver.version: unknown">
      <![CDATA[org.openqa.selenium.NoSuchElementException: Cannot locate option with index: 2
For documentation on this error, please visit: http://seleniumhq.org/exceptions/no_such_element.html
Build info: version: '3.141.5', revision: 'd54ebd709a', time: '2018-11-06T11:42:16'
System info: host: 'DESKTOP-KDKJ11Q', ip: '192.168.0.10', os.name: 'Windows 10', os.arch: 'amd64', os.version: '10.0', java.version: '16.0.2'
Driver info: driver.version: unknown
at org.openqa.selenium.support.ui.Select.setSelectedByIndex(Select.java:291)
at org.openqa.selenium.support.ui.Select.selectByIndex(Select.java:166)
at com.salesfForce.pages.Home.HomePage.selectFromCustomizedTabAndRemove(HomePage.java:54)
at comm.fierbase.tests.RandomScenario.RandomScenarioTest.verifyTheTabCustomizaionT35(RandomScenarioTest.java:42)
at java.base/java.util.ArrayList.forEach(ArrayList.java:1511)
... Removed 27 stack frames]]>
    </failure>
  </testcase> <!-- verifyTheTabCustomizaionT35 -->
  <testcase classname="com.salesForce.test.Base.BaseTest" name="@AfterTest endUp" time="0.0">
    <ignored/>
  </testcase> <!-- @AfterTest endUp -->
  <testcase classname="com.salesForce.test.Base.BaseTest" name="@AfterTest endUp" time="0.0">
    <ignored/>
  </testcase> <!-- @AfterTest endUp -->
  <testcase classname="com.salesForce.test.Base.BaseTest" name="@AfterTest endUp" time="0.0">
    <ignored/>
  </testcase> <!-- @AfterTest endUp -->
  <testcase classname="com.salesForce.test.Base.BaseTest" name="@AfterTest endUp" time="0.0">
    <ignored/>
  </testcase> <!-- @AfterTest endUp -->
  <testcase classname="com.salesForce.test.Base.BaseTest" name="@AfterTest endUp" time="0.0">
    <ignored/>
  </testcase> <!-- @AfterTest endUp -->
  <testcase classname="com.salesForce.test.Base.BaseTest" name="@AfterTest endUp" time="0.0">
    <ignored/>
  </testcase> <!-- @AfterTest endUp -->
  <testcase classname="com.salesForce.test.Base.BaseTest" name="@BeforeTest setUp" time="0.0">
    <ignored/>
  </testcase> <!-- @BeforeTest setUp -->
  <testcase classname="com.salesForce.test.Base.BaseTest" name="@BeforeTest setUp" time="0.0">
    <ignored/>
  </testcase> <!-- @BeforeTest setUp -->
  <testcase classname="com.salesForce.test.Base.BaseTest" name="@BeforeTest setUp" time="0.0">
    <ignored/>
  </testcase> <!-- @BeforeTest setUp -->
  <testcase classname="com.salesForce.test.Base.BaseTest" name="@BeforeTest setUp" time="0.0">
    <ignored/>
  </testcase> <!-- @BeforeTest setUp -->
  <testcase classname="com.salesForce.test.Base.BaseTest" name="@BeforeTest setUp" time="0.0">
    <ignored/>
  </testcase> <!-- @BeforeTest setUp -->
  <testcase classname="com.salesForce.test.Base.BaseTest" name="@BeforeTest setUp" time="0.0">
    <ignored/>
  </testcase> <!-- @BeforeTest setUp -->
</testsuite> <!-- Test -->
