<!DOCTYPE html PUBLIC "-//W3C//DTD XHTML 1.1//EN" "https://www.w3.org/TR/xhtml11/DTD/xhtml11.dtd">
<html xmlns="https://www.w3.org/1999/xhtml">
<head>
<meta http-equiv="content-type" content="text/html; charset=UTF-8"/>
<title>TestNG Report</title>
<style type="text/css">table {margin-bottom:10px;border-collapse:collapse;empty-cells:show}th,td {border:1px solid #009;padding:.25em .5em}th {vertical-align:bottom}td {vertical-align:top}table a {font-weight:bold}.stripe td {background-color: #E6EBF9}.num {text-align:right}.passedodd td {background-color: #3F3}.passedeven td {background-color: #0A0}.skippedodd td {background-color: #DDD}.skippedeven td {background-color: #CCC}.failedodd td,.attn {background-color: #F33}.failedeven td,.stripe .attn {background-color: #D00}.stacktrace {white-space:pre;font-family:monospace}.totop {font-size:85%;text-align:center;border-bottom:2px solid #000}.invisible {display:none}</style>
</head>
<body>
<table>
<tr><th>Test</th><th># Passed</th><th># Skipped</th><th># Retried</th><th># Failed</th><th>Time (ms)</th><th>Included Groups</th><th>Excluded Groups</th></tr>
<tr><th colspan="8">Suite</th></tr>
<tr><td><a href="#t0">Test</a></td><td class="num">24</td><td class="num">0</td><td class="num">0</td><td class="num attn">5</td><td class="num">805,227</td><td></td><td></td></tr>
</table>
<table id='summary'><thead><tr><th>Class</th><th>Method</th><th>Start</th><th>Time (ms)</th></tr></thead><tbody><tr><th colspan="4">Suite</th></tr></tbody><tbody id="t0"><tr><th colspan="4">Test &#8212; failed</th></tr><tr class="failedeven"><td rowspan="2">com.salesForce.test.Contacts.ContactTest</td><td><a href="#m0">T28CheckMyContactView</a></td><td rowspan="1">1645825673621</td><td rowspan="1">42659</td></tr><tr class="failedeven"><td><a href="#m1">T30createNewViewErrorMessage</a></td><td rowspan="1">1645825744947</td><td rowspan="1">19590</td></tr><tr class="failedodd"><td rowspan="1">com.salesForce.tests.Account.AccountTest</td><td><a href="#m2">mergeAccountT13</a></td><td rowspan="1">1645825346294</td><td rowspan="1">46163</td></tr><tr class="failedeven"><td rowspan="1">com.salesForce.tests.Home.UserMenuDropDownTest</td><td><a href="#m3">userMenuVerification</a></td><td rowspan="1">1645825229948</td><td rowspan="1">110297</td></tr><tr class="failedodd"><td rowspan="1">comm.fierbase.tests.RandomScenario.RandomScenarioTest</td><td><a href="#m4">verifyTheTabCustomizaionT35</a></td><td rowspan="1">1645825850396</td><td rowspan="1">18845</td></tr><tr><th colspan="4">Test &#8212; passed</th></tr><tr class="passedeven"><td rowspan="6">com.salesForce.test.Contacts.ContactTest</td><td><a href="#m5">T26createNewView</a></td><td rowspan="1">1645825631097</td><td rowspan="1">14435</td></tr><tr class="passedeven"><td><a href="#m6">T27CheckRecentlyAddesContacts</a></td><td rowspan="1">1645825653819</td><td rowspan="1">13611</td></tr><tr class="passedeven"><td><a href="#m7">T29ViewContactPage</a></td><td rowspan="1">1645825721229</td><td rowspan="1">11039</td></tr><tr class="passedeven"><td><a href="#m8">T31createNewViewCheckCancelButton</a></td><td rowspan="1">1645825774642</td><td rowspan="1">15287</td></tr><tr class="passedeven"><td><a href="#m9">T32SaveAndNewButtonVerificationInNewContact</a></td><td rowspan="1">1645825796444</td><td rowspan="1">16436</td></tr><tr class="passedeven"><td><a href="#m10">createNewContactsT25</a></td><td rowspan="1">1645825820825</td><td rowspan="1">21517</td></tr><tr class="passedodd"><td rowspan="5">com.salesForce.test.Leads.LeadTest</td><td><a href="#m11">LeadsHomT20</a></td><td rowspan="1">1645825514741</td><td rowspan="1">12111</td></tr><tr class="passedodd"><td><a href="#m12">T21LeadSelectView</a></td><td rowspan="1">1645825535009</td><td rowspan="1">15414</td></tr><tr class="passedodd"><td><a href="#m13">T22DefaultView</a></td><td rowspan="1">1645825555897</td><td rowspan="1">25922</td></tr><tr class="passedodd"><td><a href="#m14">T23TodaysLead</a></td><td rowspan="1">1645825588763</td><td rowspan="1">10124</td></tr><tr class="passedodd"><td><a href="#m15">T24NewLead</a></td><td rowspan="1">1645825606894</td><td rowspan="1">14525</td></tr><tr class="passedeven"><td rowspan="3">com.salesForce.tests.Home.UserMenuDropDownTest</td><td><a href="#m16">developerCOnsoleT08</a></td><td rowspan="1">1645825157192</td><td rowspan="1">16886</td></tr><tr class="passedeven"><td><a href="#m17">userDropLogOut</a></td><td rowspan="1">1645825183343</td><td rowspan="1">12717</td></tr><tr class="passedeven"><td><a href="#m18">userDropdownMysettingsT07</a></td><td rowspan="1">1645825202489</td><td rowspan="1">21882</td></tr><tr class="passedodd"><td rowspan="5">com.salesForce.tests.Login.LoginTest</td><td><a href="#m19">ForgotPassword4A</a></td><td rowspan="1">1645825085777</td><td rowspan="1">2694</td></tr><tr class="passedodd"><td><a href="#m20">LoginToSFDCT2</a></td><td rowspan="1">1645825097343</td><td rowspan="1">8304</td></tr><tr class="passedodd"><td><a href="#m21">LoginwithoutPwdT1</a></td><td rowspan="1">1645825112997</td><td rowspan="1">1488</td></tr><tr class="passedodd"><td><a href="#m22">checkRemeberMe3</a></td><td rowspan="1">1645825126248</td><td rowspan="1">13247</td></tr><tr class="passedodd"><td><a href="#m23">validateLoginErrorMesg4B</a></td><td rowspan="1">1645825149909</td><td rowspan="1">741</td></tr><tr class="passedeven"><td rowspan="5">com.salesForce.tests.Opportunity.OpportunityTest</td><td><a href="#m24">QuartelySumryReportT18</a></td><td rowspan="1">1645825398346</td><td rowspan="1">14158</td></tr><tr class="passedeven"><td><a href="#m25">createNewOportuntyT16</a></td><td rowspan="1">1645825419986</td><td rowspan="1">17586</td></tr><tr class="passedeven"><td><a href="#m26">opportunityPipeLineUserT17</a></td><td rowspan="1">1645825442566</td><td rowspan="1">16735</td></tr><tr class="passedeven"><td><a href="#m27">opportunityUserT15</a></td><td rowspan="1">1645825467063</td><td rowspan="1">19344</td></tr><tr class="passedeven"><td><a href="#m28">stuckOpportunityT18</a></td><td rowspan="1">1645825494822</td><td rowspan="1">12600</td></tr></tbody>
</table>
<h2>Test</h2><h3 id="m0">com.salesForce.test.Contacts.ContactTest#T28CheckMyContactView</h3><table class="result"><tr><th>Exception</th></tr><tr><td><div class="stacktrace">org.openqa.selenium.NoSuchElementException: Cannot locate element with text: My Contacts
For documentation on this error, please visit: http://seleniumhq.org/exceptions/no_such_element.html
Build info: version: &apos;3.141.5&apos;, revision: &apos;d54ebd709a&apos;, time: &apos;2018-11-06T11:42:16&apos;
System info: host: &apos;DESKTOP-KDKJ11Q&apos;, ip: &apos;192.168.0.10&apos;, os.name: &apos;Windows 10&apos;, os.arch: &apos;amd64&apos;, os.version: &apos;10.0&apos;, java.version: &apos;16.0.2&apos;
Driver info: driver.version: unknown
	at org.openqa.selenium.support.ui.Select.selectByVisibleText(Select.java:141)
	at com.salesfForce.pages.Contacts.ContactHome.myContact(ContactHome.java:88)
	at com.salesForce.test.Contacts.ContactTest.T28CheckMyContactView(ContactTest.java:47)
	at java.base/java.util.ArrayList.forEach(ArrayList.java:1511)
... Removed 27 stack frames</div></td></tr></table><p class="totop"><a href="#summary">back to summary</a></p>
<h3 id="m1">com.salesForce.test.Contacts.ContactTest#T30createNewViewErrorMessage</h3><table class="result"><tr><th>Exception</th></tr><tr><td><div class="stacktrace">java.lang.AssertionError: contactHome page Verified expected [true] but found [false]
	at com.salesForce.test.Contacts.ContactTest.T30createNewViewErrorMessage(ContactTest.java:67)
	at java.base/java.util.ArrayList.forEach(ArrayList.java:1511)
... Removed 30 stack frames</div></td></tr></table><p class="totop"><a href="#summary">back to summary</a></p>
<h3 id="m2">com.salesForce.tests.Account.AccountTest#mergeAccountT13</h3><table class="result"><tr><th>Exception</th></tr><tr><td><div class="stacktrace">org.openqa.selenium.NoSuchElementException: no such element: Unable to locate element: {&quot;method&quot;:&quot;xpath&quot;,&quot;selector&quot;:&quot;/select[@id=&apos;hotlist_mode&apos;]&quot;}
  (Session info: chrome=98.0.4758.102)
For documentation on this error, please visit: http://seleniumhq.org/exceptions/no_such_element.html
Build info: version: &apos;3.141.5&apos;, revision: &apos;d54ebd709a&apos;, time: &apos;2018-11-06T11:42:16&apos;
System info: host: &apos;DESKTOP-KDKJ11Q&apos;, ip: &apos;192.168.0.10&apos;, os.name: &apos;Windows 10&apos;, os.arch: &apos;amd64&apos;, os.version: &apos;10.0&apos;, java.version: &apos;16.0.2&apos;
Driver info: org.openqa.selenium.chrome.ChromeDriver
Capabilities {acceptInsecureCerts: false, browserName: chrome, browserVersion: 98.0.4758.102, chrome: {chromedriverVersion: 98.0.4758.102 (273bf7ac8c90..., userDataDir: C:\Users\chitr\AppData\Loca...}, goog:chromeOptions: {debuggerAddress: localhost:51242}, javascriptEnabled: true, networkConnectionEnabled: false, pageLoadStrategy: normal, platform: WINDOWS, platformName: WINDOWS, proxy: Proxy(), setWindowRect: true, strictFileInteractability: false, timeouts: {implicit: 0, pageLoad: 300000, script: 30000}, unhandledPromptBehavior: dismiss and notify, webauthn:extension:credBlob: true, webauthn:extension:largeBlob: true, webauthn:virtualAuthenticators: true}
Session ID: cde1ee469594475a7d42419215859751
*** Element info: {Using=xpath, value=/select[@id=&apos;hotlist_mode&apos;]}
	at org.openqa.selenium.remote.http.W3CHttpResponseCodec.createException(W3CHttpResponseCodec.java:187)
	at org.openqa.selenium.remote.http.W3CHttpResponseCodec.decode(W3CHttpResponseCodec.java:122)
	at org.openqa.selenium.remote.http.W3CHttpResponseCodec.decode(W3CHttpResponseCodec.java:49)
	at org.openqa.selenium.remote.HttpCommandExecutor.execute(HttpCommandExecutor.java:158)
	at org.openqa.selenium.remote.service.DriverCommandExecutor.execute(DriverCommandExecutor.java:83)
	at org.openqa.selenium.remote.RemoteWebDriver.execute(RemoteWebDriver.java:552)
	at org.openqa.selenium.remote.RemoteWebDriver.findElement(RemoteWebDriver.java:323)
	at org.openqa.selenium.remote.RemoteWebDriver.findElementByXPath(RemoteWebDriver.java:428)
	at org.openqa.selenium.By$ByXPath.findElement(By.java:353)
	at org.openqa.selenium.remote.RemoteWebDriver.findElement(RemoteWebDriver.java:315)
	at org.openqa.selenium.support.pagefactory.DefaultElementLocator.findElement(DefaultElementLocator.java:69)
	at org.openqa.selenium.support.pagefactory.internal.LocatingElementHandler.invoke(LocatingElementHandler.java:38)
	at jdk.proxy2/jdk.proxy2.$Proxy15.getTagName(Unknown Source)
	at org.openqa.selenium.support.ui.Select.&lt;init&gt;(Select.java:44)
	at com.salesForce.base.BasePage.selectByTextData(BasePage.java:135)
	at com.salesfForce.pages.Accounts.AccountMerge.mergeAccount(AccountMerge.java:69)
	at com.salesForce.tests.Account.AccountTest.mergeAccountT13(AccountTest.java:58)
	at java.base/java.util.ArrayList.forEach(ArrayList.java:1511)
... Removed 32 stack frames</div></td></tr></table><p class="totop"><a href="#summary">back to summary</a></p>
<h3 id="m3">com.salesForce.tests.Home.UserMenuDropDownTest#userMenuVerification</h3><table class="result"><tr><th>Exception</th></tr><tr><td><div class="stacktrace">org.openqa.selenium.TimeoutException: Expected condition failed: waiting for visibility of Proxy element for: DefaultElementLocator &apos;By.xpath: //div[@class=&apos;photoSection hasPhotoLinks&apos;]//a[1]&apos; (tried for 50 second(s) with 500 milliseconds interval)
	at org.openqa.selenium.support.ui.WebDriverWait.timeoutException(WebDriverWait.java:95)
	at org.openqa.selenium.support.ui.FluentWait.until(FluentWait.java:272)
	at com.salesForce.base.BasePage.waitUntilVisible(BasePage.java:106)
	at com.salesForce.pages.profiles.ProfilePage.clickuploadphotolink(ProfilePage.java:115)
	at com.salesForce.tests.Home.UserMenuDropDownTest.userMenuVerification(UserMenuDropDownTest.java:33)
	at java.base/java.util.ArrayList.forEach(ArrayList.java:1511)
Caused by: org.openqa.selenium.NoSuchElementException: no such element: Unable to locate element: {&quot;method&quot;:&quot;xpath&quot;,&quot;selector&quot;:&quot;//div[@class=&apos;photoSection hasPhotoLinks&apos;]//a[1]&quot;}
  (Session info: chrome=98.0.4758.102)
For documentation on this error, please visit: http://seleniumhq.org/exceptions/no_such_element.html
Build info: version: &apos;3.141.5&apos;, revision: &apos;d54ebd709a&apos;, time: &apos;2018-11-06T11:42:16&apos;
System info: host: &apos;DESKTOP-KDKJ11Q&apos;, ip: &apos;192.168.0.10&apos;, os.name: &apos;Windows 10&apos;, os.arch: &apos;amd64&apos;, os.version: &apos;10.0&apos;, java.version: &apos;16.0.2&apos;
Driver info: org.openqa.selenium.chrome.ChromeDriver
Capabilities {acceptInsecureCerts: false, browserName: chrome, browserVersion: 98.0.4758.102, chrome: {chromedriverVersion: 98.0.4758.102 (273bf7ac8c90..., userDataDir: C:\Users\chitr\AppData\Loca...}, goog:chromeOptions: {debuggerAddress: localhost:51157}, javascriptEnabled: true, networkConnectionEnabled: false, pageLoadStrategy: normal, platform: WINDOWS, platformName: WINDOWS, proxy: Proxy(), setWindowRect: true, strictFileInteractability: false, timeouts: {implicit: 0, pageLoad: 300000, script: 30000}, unhandledPromptBehavior: dismiss and notify, webauthn:extension:credBlob: true, webauthn:extension:largeBlob: true, webauthn:virtualAuthenticators: true}
Session ID: df47231dcbc5a7f28e565cd4a7a5a80d
*** Element info: {Using=xpath, value=//div[@class=&apos;photoSection hasPhotoLinks&apos;]//a[1]}
	at org.openqa.selenium.remote.http.W3CHttpResponseCodec.createException(W3CHttpResponseCodec.java:187)
	at org.openqa.selenium.remote.http.W3CHttpResponseCodec.decode(W3CHttpResponseCodec.java:122)
	at org.openqa.selenium.remote.http.W3CHttpResponseCodec.decode(W3CHttpResponseCodec.java:49)
	at org.openqa.selenium.remote.HttpCommandExecutor.execute(HttpCommandExecutor.java:158)
	at org.openqa.selenium.remote.service.DriverCommandExecutor.execute(DriverCommandExecutor.java:83)
	at org.openqa.selenium.remote.RemoteWebDriver.execute(RemoteWebDriver.java:552)
	at org.openqa.selenium.remote.RemoteWebDriver.findElement(RemoteWebDriver.java:323)
	at org.openqa.selenium.remote.RemoteWebDriver.findElementByXPath(RemoteWebDriver.java:428)
	at org.openqa.selenium.By$ByXPath.findElement(By.java:353)
	at org.openqa.selenium.remote.RemoteWebDriver.findElement(RemoteWebDriver.java:315)
	at org.openqa.selenium.support.pagefactory.DefaultElementLocator.findElement(DefaultElementLocator.java:69)
	at org.openqa.selenium.support.pagefactory.internal.LocatingElementHandler.invoke(LocatingElementHandler.java:38)
	at jdk.proxy2/jdk.proxy2.$Proxy15.isDisplayed(Unknown Source)
	at org.openqa.selenium.support.ui.ExpectedConditions.elementIfVisible(ExpectedConditions.java:314)
	at org.openqa.selenium.support.ui.ExpectedConditions.access$000(ExpectedConditions.java:43)
	at org.openqa.selenium.support.ui.ExpectedConditions$10.apply(ExpectedConditions.java:300)
	at org.openqa.selenium.support.ui.ExpectedConditions$10.apply(ExpectedConditions.java:297)
	at org.openqa.selenium.support.ui.FluentWait.until(FluentWait.java:249)
	... 31 more
... Removed 32 stack frames</div></td></tr></table><p class="totop"><a href="#summary">back to summary</a></p>
<h3 id="m4">comm.fierbase.tests.RandomScenario.RandomScenarioTest#verifyTheTabCustomizaionT35</h3><table class="result"><tr><th>Exception</th></tr><tr><td><div class="stacktrace">org.openqa.selenium.NoSuchElementException: Cannot locate option with index: 2
For documentation on this error, please visit: http://seleniumhq.org/exceptions/no_such_element.html
Build info: version: &apos;3.141.5&apos;, revision: &apos;d54ebd709a&apos;, time: &apos;2018-11-06T11:42:16&apos;
System info: host: &apos;DESKTOP-KDKJ11Q&apos;, ip: &apos;192.168.0.10&apos;, os.name: &apos;Windows 10&apos;, os.arch: &apos;amd64&apos;, os.version: &apos;10.0&apos;, java.version: &apos;16.0.2&apos;
Driver info: driver.version: unknown
	at org.openqa.selenium.support.ui.Select.setSelectedByIndex(Select.java:291)
	at org.openqa.selenium.support.ui.Select.selectByIndex(Select.java:166)
	at com.salesfForce.pages.Home.HomePage.selectFromCustomizedTabAndRemove(HomePage.java:54)
	at comm.fierbase.tests.RandomScenario.RandomScenarioTest.verifyTheTabCustomizaionT35(RandomScenarioTest.java:42)
	at java.base/java.util.ArrayList.forEach(ArrayList.java:1511)
... Removed 27 stack frames</div></td></tr></table><p class="totop"><a href="#summary">back to summary</a></p>
<h3 id="m5">com.salesForce.test.Contacts.ContactTest#T26createNewView</h3><table class="result"><tr><th class="invisible"/></tr></table><p class="totop"><a href="#summary">back to summary</a></p>
<h3 id="m6">com.salesForce.test.Contacts.ContactTest#T27CheckRecentlyAddesContacts</h3><table class="result"><tr><th class="invisible"/></tr></table><p class="totop"><a href="#summary">back to summary</a></p>
<h3 id="m7">com.salesForce.test.Contacts.ContactTest#T29ViewContactPage</h3><table class="result"><tr><th class="invisible"/></tr></table><p class="totop"><a href="#summary">back to summary</a></p>
<h3 id="m8">com.salesForce.test.Contacts.ContactTest#T31createNewViewCheckCancelButton</h3><table class="result"><tr><th class="invisible"/></tr></table><p class="totop"><a href="#summary">back to summary</a></p>
<h3 id="m9">com.salesForce.test.Contacts.ContactTest#T32SaveAndNewButtonVerificationInNewContact</h3><table class="result"><tr><th class="invisible"/></tr></table><p class="totop"><a href="#summary">back to summary</a></p>
<h3 id="m10">com.salesForce.test.Contacts.ContactTest#createNewContactsT25</h3><table class="result"><tr><th class="invisible"/></tr></table><p class="totop"><a href="#summary">back to summary</a></p>
<h3 id="m11">com.salesForce.test.Leads.LeadTest#LeadsHomT20</h3><table class="result"><tr><th class="invisible"/></tr></table><p class="totop"><a href="#summary">back to summary</a></p>
<h3 id="m12">com.salesForce.test.Leads.LeadTest#T21LeadSelectView</h3><table class="result"><tr><th class="invisible"/></tr></table><p class="totop"><a href="#summary">back to summary</a></p>
<h3 id="m13">com.salesForce.test.Leads.LeadTest#T22DefaultView</h3><table class="result"><tr><th class="invisible"/></tr></table><p class="totop"><a href="#summary">back to summary</a></p>
<h3 id="m14">com.salesForce.test.Leads.LeadTest#T23TodaysLead</h3><table class="result"><tr><th class="invisible"/></tr></table><p class="totop"><a href="#summary">back to summary</a></p>
<h3 id="m15">com.salesForce.test.Leads.LeadTest#T24NewLead</h3><table class="result"><tr><th class="invisible"/></tr></table><p class="totop"><a href="#summary">back to summary</a></p>
<h3 id="m16">com.salesForce.tests.Home.UserMenuDropDownTest#developerCOnsoleT08</h3><table class="result"><tr><th class="invisible"/></tr></table><p class="totop"><a href="#summary">back to summary</a></p>
<h3 id="m17">com.salesForce.tests.Home.UserMenuDropDownTest#userDropLogOut</h3><table class="result"><tr><th class="invisible"/></tr></table><p class="totop"><a href="#summary">back to summary</a></p>
<h3 id="m18">com.salesForce.tests.Home.UserMenuDropDownTest#userDropdownMysettingsT07</h3><table class="result"><tr><th class="invisible"/></tr></table><p class="totop"><a href="#summary">back to summary</a></p>
<h3 id="m19">com.salesForce.tests.Login.LoginTest#ForgotPassword4A</h3><table class="result"><tr><th class="invisible"/></tr></table><p class="totop"><a href="#summary">back to summary</a></p>
<h3 id="m20">com.salesForce.tests.Login.LoginTest#LoginToSFDCT2</h3><table class="result"><tr><th class="invisible"/></tr></table><p class="totop"><a href="#summary">back to summary</a></p>
<h3 id="m21">com.salesForce.tests.Login.LoginTest#LoginwithoutPwdT1</h3><table class="result"><tr><th class="invisible"/></tr></table><p class="totop"><a href="#summary">back to summary</a></p>
<h3 id="m22">com.salesForce.tests.Login.LoginTest#checkRemeberMe3</h3><table class="result"><tr><th class="invisible"/></tr></table><p class="totop"><a href="#summary">back to summary</a></p>
<h3 id="m23">com.salesForce.tests.Login.LoginTest#validateLoginErrorMesg4B</h3><table class="result"><tr><th class="invisible"/></tr></table><p class="totop"><a href="#summary">back to summary</a></p>
<h3 id="m24">com.salesForce.tests.Opportunity.OpportunityTest#QuartelySumryReportT18</h3><table class="result"><tr><th class="invisible"/></tr></table><p class="totop"><a href="#summary">back to summary</a></p>
<h3 id="m25">com.salesForce.tests.Opportunity.OpportunityTest#createNewOportuntyT16</h3><table class="result"><tr><th class="invisible"/></tr></table><p class="totop"><a href="#summary">back to summary</a></p>
<h3 id="m26">com.salesForce.tests.Opportunity.OpportunityTest#opportunityPipeLineUserT17</h3><table class="result"><tr><th class="invisible"/></tr></table><p class="totop"><a href="#summary">back to summary</a></p>
<h3 id="m27">com.salesForce.tests.Opportunity.OpportunityTest#opportunityUserT15</h3><table class="result"><tr><th class="invisible"/></tr></table><p class="totop"><a href="#summary">back to summary</a></p>
<h3 id="m28">com.salesForce.tests.Opportunity.OpportunityTest#stuckOpportunityT18</h3><table class="result"><tr><th class="invisible"/></tr></table><p class="totop"><a href="#summary">back to summary</a></p>
</body>
</html>
