<!DOCTYPE html>

<html>
  <head>
  <meta charset='utf-8'>
  <title>TestNG reports</title>

    <link type="text/css" href="testng-reports1.css" rel="stylesheet" id="ultra" />
    <link type="text/css" href="testng-reports.css" rel="stylesheet" id="retro" disabled="false"/>
    <script type="text/javascript" src="jquery.min.js"></script>
    <script type="text/javascript" src="testng-reports.js"></script>
    <script type="text/javascript" src="https://www.google.com/jsapi"></script>
    <script type='text/javascript'>
      google.load('visualization', '1', {packages:['table']});
      google.setOnLoadCallback(drawTable);
      var suiteTableInitFunctions = new Array();
      var suiteTableData = new Array();
    </script>
    <!--
      <script type="text/javascript" src="jquery-ui/js/jquery-ui-1.8.16.custom.min.js"></script>
     -->
  </head>

  <body>
    <div class="top-banner-root">
      <span class="top-banner-title-font">Test results</span>
      <button id="button" class="button">Switch Retro Theme</button> <!-- button -->
      <br/>
      <span class="top-banner-font-1">1 suite, 5 failed tests</span>
    </div> <!-- top-banner-root -->
    <div class="navigator-root">
      <div class="navigator-suite-header">
        <span>All suites</span>
        <a href="#" title="Collapse/expand all the suites" class="collapse-all-link">
          <img src="collapseall.gif" class="collapse-all-icon">
          </img> <!-- collapse-all-icon -->
        </a> <!-- collapse-all-link -->
      </div> <!-- navigator-suite-header -->
      <div class="suite">
        <div class="rounded-window">
          <div class="suite-header light-rounded-window-top">
            <a href="#" panel-name="suite-Suite" class="navigator-link">
              <span class="suite-name border-failed">Suite</span>
            </a> <!-- navigator-link -->
          </div> <!-- suite-header light-rounded-window-top -->
          <div class="navigator-suite-content">
            <div class="suite-section-title">
              <span>Info</span>
            </div> <!-- suite-section-title -->
            <div class="suite-section-content">
              <ul>
                <li>
                  <a href="#" panel-name="test-xml-Suite" class="navigator-link ">
                    <span>C:\Users\chitr\git\NewAutomationPOM\SeleniumSalesForceAutomationPOMProject\testng.xml</span>
                  </a> <!-- navigator-link  -->
                </li>
                <li>
                  <a href="#" panel-name="testlist-Suite" class="navigator-link ">
                    <span class="test-stats">1 test</span>
                  </a> <!-- navigator-link  -->
                </li>
                <li>
                  <a href="#" panel-name="group-Suite" class="navigator-link ">
                    <span>0 groups</span>
                  </a> <!-- navigator-link  -->
                </li>
                <li>
                  <a href="#" panel-name="times-Suite" class="navigator-link ">
                    <span>Times</span>
                  </a> <!-- navigator-link  -->
                </li>
                <li>
                  <a href="#" panel-name="reporter-Suite" class="navigator-link ">
                    <span>Reporter output</span>
                  </a> <!-- navigator-link  -->
                </li>
                <li>
                  <a href="#" panel-name="ignored-methods-Suite" class="navigator-link ">
                    <span>Ignored methods</span>
                  </a> <!-- navigator-link  -->
                </li>
                <li>
                  <a href="#" panel-name="chronological-Suite" class="navigator-link ">
                    <span>Chronological view</span>
                  </a> <!-- navigator-link  -->
                </li>
              </ul>
            </div> <!-- suite-section-content -->
            <div class="result-section">
              <div class="suite-section-title">
                <span>Results</span>
              </div> <!-- suite-section-title -->
              <div class="suite-section-content">
                <ul>
                  <li>
                    <span class="method-stats">29 methods, 5 failed,   24 passed</span>
                  </li>
                  <li>
                    <span class="method-list-title failed">Failed methods</span>
                    <span class="show-or-hide-methods failed">
                      <a href="#" panel-name="suite-Suite" class="hide-methods failed suite-Suite"> (hide)</a> <!-- hide-methods failed suite-Suite -->
                      <a href="#" panel-name="suite-Suite" class="show-methods failed suite-Suite"> (show)</a> <!-- show-methods failed suite-Suite -->
                    </span>
                    <div class="method-list-content failed suite-Suite">
                      <span>
                        <img src="failed.png" width="3%"/>
                        <a href="#" panel-name="suite-Suite" title="com.salesForce.test.Contacts.ContactTest" class="method navigator-link" hash-for-method="T28CheckMyContactView">T28CheckMyContactView</a> <!-- method navigator-link -->
                      </span>
                      <br/>
                      <span>
                        <img src="failed.png" width="3%"/>
                        <a href="#" panel-name="suite-Suite" title="com.salesForce.test.Contacts.ContactTest" class="method navigator-link" hash-for-method="T30createNewViewErrorMessage">T30createNewViewErrorMessage</a> <!-- method navigator-link -->
                      </span>
                      <br/>
                      <span>
                        <img src="failed.png" width="3%"/>
                        <a href="#" panel-name="suite-Suite" title="com.salesForce.tests.Account.AccountTest" class="method navigator-link" hash-for-method="mergeAccountT13">mergeAccountT13</a> <!-- method navigator-link -->
                      </span>
                      <br/>
                      <span>
                        <img src="failed.png" width="3%"/>
                        <a href="#" panel-name="suite-Suite" title="com.salesForce.tests.Home.UserMenuDropDownTest" class="method navigator-link" hash-for-method="userMenuVerification">userMenuVerification</a> <!-- method navigator-link -->
                      </span>
                      <br/>
                      <span>
                        <img src="failed.png" width="3%"/>
                        <a href="#" panel-name="suite-Suite" title="comm.fierbase.tests.RandomScenario.RandomScenarioTest" class="method navigator-link" hash-for-method="verifyTheTabCustomizaionT35">verifyTheTabCustomizaionT35</a> <!-- method navigator-link -->
                      </span>
                      <br/>
                    </div> <!-- method-list-content failed suite-Suite -->
                  </li>
                  <li>
                    <span class="method-list-title passed">Passed methods</span>
                    <span class="show-or-hide-methods passed">
                      <a href="#" panel-name="suite-Suite" class="hide-methods passed suite-Suite"> (hide)</a> <!-- hide-methods passed suite-Suite -->
                      <a href="#" panel-name="suite-Suite" class="show-methods passed suite-Suite"> (show)</a> <!-- show-methods passed suite-Suite -->
                    </span>
                    <div class="method-list-content passed suite-Suite">
                      <span>
                        <img src="passed.png" width="3%"/>
                        <a href="#" panel-name="suite-Suite" title="com.salesForce.tests.Login.LoginTest" class="method navigator-link" hash-for-method="ForgotPassword4A">ForgotPassword4A</a> <!-- method navigator-link -->
                      </span>
                      <br/>
                      <span>
                        <img src="passed.png" width="3%"/>
                        <a href="#" panel-name="suite-Suite" title="com.salesForce.test.Leads.LeadTest" class="method navigator-link" hash-for-method="LeadsHomT20">LeadsHomT20</a> <!-- method navigator-link -->
                      </span>
                      <br/>
                      <span>
                        <img src="passed.png" width="3%"/>
                        <a href="#" panel-name="suite-Suite" title="com.salesForce.tests.Login.LoginTest" class="method navigator-link" hash-for-method="LoginToSFDCT2">LoginToSFDCT2</a> <!-- method navigator-link -->
                      </span>
                      <br/>
                      <span>
                        <img src="passed.png" width="3%"/>
                        <a href="#" panel-name="suite-Suite" title="com.salesForce.tests.Login.LoginTest" class="method navigator-link" hash-for-method="LoginwithoutPwdT1">LoginwithoutPwdT1</a> <!-- method navigator-link -->
                      </span>
                      <br/>
                      <span>
                        <img src="passed.png" width="3%"/>
                        <a href="#" panel-name="suite-Suite" title="com.salesForce.tests.Opportunity.OpportunityTest" class="method navigator-link" hash-for-method="QuartelySumryReportT18">QuartelySumryReportT18</a> <!-- method navigator-link -->
                      </span>
                      <br/>
                      <span>
                        <img src="passed.png" width="3%"/>
                        <a href="#" panel-name="suite-Suite" title="com.salesForce.test.Leads.LeadTest" class="method navigator-link" hash-for-method="T21LeadSelectView">T21LeadSelectView</a> <!-- method navigator-link -->
                      </span>
                      <br/>
                      <span>
                        <img src="passed.png" width="3%"/>
                        <a href="#" panel-name="suite-Suite" title="com.salesForce.test.Leads.LeadTest" class="method navigator-link" hash-for-method="T22DefaultView">T22DefaultView</a> <!-- method navigator-link -->
                      </span>
                      <br/>
                      <span>
                        <img src="passed.png" width="3%"/>
                        <a href="#" panel-name="suite-Suite" title="com.salesForce.test.Leads.LeadTest" class="method navigator-link" hash-for-method="T23TodaysLead">T23TodaysLead</a> <!-- method navigator-link -->
                      </span>
                      <br/>
                      <span>
                        <img src="passed.png" width="3%"/>
                        <a href="#" panel-name="suite-Suite" title="com.salesForce.test.Leads.LeadTest" class="method navigator-link" hash-for-method="T24NewLead">T24NewLead</a> <!-- method navigator-link -->
                      </span>
                      <br/>
                      <span>
                        <img src="passed.png" width="3%"/>
                        <a href="#" panel-name="suite-Suite" title="com.salesForce.test.Contacts.ContactTest" class="method navigator-link" hash-for-method="T26createNewView">T26createNewView</a> <!-- method navigator-link -->
                      </span>
                      <br/>
                      <span>
                        <img src="passed.png" width="3%"/>
                        <a href="#" panel-name="suite-Suite" title="com.salesForce.test.Contacts.ContactTest" class="method navigator-link" hash-for-method="T27CheckRecentlyAddesContacts">T27CheckRecentlyAddesContacts</a> <!-- method navigator-link -->
                      </span>
                      <br/>
                      <span>
                        <img src="passed.png" width="3%"/>
                        <a href="#" panel-name="suite-Suite" title="com.salesForce.test.Contacts.ContactTest" class="method navigator-link" hash-for-method="T29ViewContactPage">T29ViewContactPage</a> <!-- method navigator-link -->
                      </span>
                      <br/>
                      <span>
                        <img src="passed.png" width="3%"/>
                        <a href="#" panel-name="suite-Suite" title="com.salesForce.test.Contacts.ContactTest" class="method navigator-link" hash-for-method="T31createNewViewCheckCancelButton">T31createNewViewCheckCancelButton</a> <!-- method navigator-link -->
                      </span>
                      <br/>
                      <span>
                        <img src="passed.png" width="3%"/>
                        <a href="#" panel-name="suite-Suite" title="com.salesForce.test.Contacts.ContactTest" class="method navigator-link" hash-for-method="T32SaveAndNewButtonVerificationInNewContact">T32SaveAndNewButtonVerificationInNewContact</a> <!-- method navigator-link -->
                      </span>
                      <br/>
                      <span>
                        <img src="passed.png" width="3%"/>
                        <a href="#" panel-name="suite-Suite" title="com.salesForce.tests.Login.LoginTest" class="method navigator-link" hash-for-method="checkRemeberMe3">checkRemeberMe3</a> <!-- method navigator-link -->
                      </span>
                      <br/>
                      <span>
                        <img src="passed.png" width="3%"/>
                        <a href="#" panel-name="suite-Suite" title="com.salesForce.test.Contacts.ContactTest" class="method navigator-link" hash-for-method="createNewContactsT25">createNewContactsT25</a> <!-- method navigator-link -->
                      </span>
                      <br/>
                      <span>
                        <img src="passed.png" width="3%"/>
                        <a href="#" panel-name="suite-Suite" title="com.salesForce.tests.Opportunity.OpportunityTest" class="method navigator-link" hash-for-method="createNewOportuntyT16">createNewOportuntyT16</a> <!-- method navigator-link -->
                      </span>
                      <br/>
                      <span>
                        <img src="passed.png" width="3%"/>
                        <a href="#" panel-name="suite-Suite" title="com.salesForce.tests.Home.UserMenuDropDownTest" class="method navigator-link" hash-for-method="developerCOnsoleT08">developerCOnsoleT08</a> <!-- method navigator-link -->
                      </span>
                      <br/>
                      <span>
                        <img src="passed.png" width="3%"/>
                        <a href="#" panel-name="suite-Suite" title="com.salesForce.tests.Opportunity.OpportunityTest" class="method navigator-link" hash-for-method="opportunityPipeLineUserT17">opportunityPipeLineUserT17</a> <!-- method navigator-link -->
                      </span>
                      <br/>
                      <span>
                        <img src="passed.png" width="3%"/>
                        <a href="#" panel-name="suite-Suite" title="com.salesForce.tests.Opportunity.OpportunityTest" class="method navigator-link" hash-for-method="opportunityUserT15">opportunityUserT15</a> <!-- method navigator-link -->
                      </span>
                      <br/>
                      <span>
                        <img src="passed.png" width="3%"/>
                        <a href="#" panel-name="suite-Suite" title="com.salesForce.tests.Opportunity.OpportunityTest" class="method navigator-link" hash-for-method="stuckOpportunityT18">stuckOpportunityT18</a> <!-- method navigator-link -->
                      </span>
                      <br/>
                      <span>
                        <img src="passed.png" width="3%"/>
                        <a href="#" panel-name="suite-Suite" title="com.salesForce.tests.Home.UserMenuDropDownTest" class="method navigator-link" hash-for-method="userDropLogOut">userDropLogOut</a> <!-- method navigator-link -->
                      </span>
                      <br/>
                      <span>
                        <img src="passed.png" width="3%"/>
                        <a href="#" panel-name="suite-Suite" title="com.salesForce.tests.Home.UserMenuDropDownTest" class="method navigator-link" hash-for-method="userDropdownMysettingsT07">userDropdownMysettingsT07</a> <!-- method navigator-link -->
                      </span>
                      <br/>
                      <span>
                        <img src="passed.png" width="3%"/>
                        <a href="#" panel-name="suite-Suite" title="com.salesForce.tests.Login.LoginTest" class="method navigator-link" hash-for-method="validateLoginErrorMesg4B">validateLoginErrorMesg4B</a> <!-- method navigator-link -->
                      </span>
                      <br/>
                    </div> <!-- method-list-content passed suite-Suite -->
                  </li>
                </ul>
              </div> <!-- suite-section-content -->
            </div> <!-- result-section -->
          </div> <!-- navigator-suite-content -->
        </div> <!-- rounded-window -->
      </div> <!-- suite -->
    </div> <!-- navigator-root -->
    <div class="wrapper">
      <div class="main-panel-root">
        <div panel-name="suite-Suite" class="panel Suite">
          <div class="suite-Suite-class-failed">
            <div class="main-panel-header rounded-window-top">
              <img src="failed.png"/>
              <span class="class-name">comm.fierbase.tests.RandomScenario.RandomScenarioTest</span>
            </div> <!-- main-panel-header rounded-window-top -->
            <div class="main-panel-content rounded-window-bottom">
              <div class="method">
                <div class="method-content">
                  <a name="verifyTheTabCustomizaionT35">
                  </a> <!-- verifyTheTabCustomizaionT35 -->
                  <span class="method-name">verifyTheTabCustomizaionT35</span>
                  <div class="stack-trace">org.openqa.selenium.NoSuchElementException: Cannot locate option with index: 2
For documentation on this error, please visit: http://seleniumhq.org/exceptions/no_such_element.html
Build info: version: &apos;3.141.5&apos;, revision: &apos;d54ebd709a&apos;, time: &apos;2018-11-06T11:42:16&apos;
System info: host: &apos;DESKTOP-KDKJ11Q&apos;, ip: &apos;192.168.0.10&apos;, os.name: &apos;Windows 10&apos;, os.arch: &apos;amd64&apos;, os.version: &apos;10.0&apos;, java.version: &apos;16.0.2&apos;
Driver info: driver.version: unknown
	at org.openqa.selenium.support.ui.Select.setSelectedByIndex(Select.java:291)
	at org.openqa.selenium.support.ui.Select.selectByIndex(Select.java:166)
	at com.salesfForce.pages.Home.HomePage.selectFromCustomizedTabAndRemove(HomePage.java:54)
	at comm.fierbase.tests.RandomScenario.RandomScenarioTest.verifyTheTabCustomizaionT35(RandomScenarioTest.java:42)
	at java.base/java.util.ArrayList.forEach(ArrayList.java:1511)
... Removed 27 stack frames
</div> <!-- stack-trace -->
                </div> <!-- method-content -->
              </div> <!-- method -->
            </div> <!-- main-panel-content rounded-window-bottom -->
          </div> <!-- suite-Suite-class-failed -->
          <div class="suite-Suite-class-failed">
            <div class="main-panel-header rounded-window-top">
              <img src="failed.png"/>
              <span class="class-name">com.salesForce.test.Contacts.ContactTest</span>
            </div> <!-- main-panel-header rounded-window-top -->
            <div class="main-panel-content rounded-window-bottom">
              <div class="method">
                <div class="method-content">
                  <a name="T28CheckMyContactView">
                  </a> <!-- T28CheckMyContactView -->
                  <span class="method-name">T28CheckMyContactView</span>
                  <div class="stack-trace">org.openqa.selenium.NoSuchElementException: Cannot locate element with text: My Contacts
For documentation on this error, please visit: http://seleniumhq.org/exceptions/no_such_element.html
Build info: version: &apos;3.141.5&apos;, revision: &apos;d54ebd709a&apos;, time: &apos;2018-11-06T11:42:16&apos;
System info: host: &apos;DESKTOP-KDKJ11Q&apos;, ip: &apos;192.168.0.10&apos;, os.name: &apos;Windows 10&apos;, os.arch: &apos;amd64&apos;, os.version: &apos;10.0&apos;, java.version: &apos;16.0.2&apos;
Driver info: driver.version: unknown
	at org.openqa.selenium.support.ui.Select.selectByVisibleText(Select.java:141)
	at com.salesfForce.pages.Contacts.ContactHome.myContact(ContactHome.java:88)
	at com.salesForce.test.Contacts.ContactTest.T28CheckMyContactView(ContactTest.java:47)
	at java.base/java.util.ArrayList.forEach(ArrayList.java:1511)
... Removed 27 stack frames
</div> <!-- stack-trace -->
                </div> <!-- method-content -->
              </div> <!-- method -->
              <div class="method">
                <div class="method-content">
                  <a name="T30createNewViewErrorMessage">
                  </a> <!-- T30createNewViewErrorMessage -->
                  <span class="method-name">T30createNewViewErrorMessage</span>
                  <div class="stack-trace">java.lang.AssertionError: contactHome page Verified expected [true] but found [false]
	at com.salesForce.test.Contacts.ContactTest.T30createNewViewErrorMessage(ContactTest.java:67)
	at java.base/java.util.ArrayList.forEach(ArrayList.java:1511)
... Removed 30 stack frames
</div> <!-- stack-trace -->
                </div> <!-- method-content -->
              </div> <!-- method -->
            </div> <!-- main-panel-content rounded-window-bottom -->
          </div> <!-- suite-Suite-class-failed -->
          <div class="suite-Suite-class-failed">
            <div class="main-panel-header rounded-window-top">
              <img src="failed.png"/>
              <span class="class-name">com.salesForce.tests.Home.UserMenuDropDownTest</span>
            </div> <!-- main-panel-header rounded-window-top -->
            <div class="main-panel-content rounded-window-bottom">
              <div class="method">
                <div class="method-content">
                  <a name="userMenuVerification">
                  </a> <!-- userMenuVerification -->
                  <span class="method-name">userMenuVerification</span>
                  <div class="stack-trace">org.openqa.selenium.TimeoutException: Expected condition failed: waiting for visibility of Proxy element for: DefaultElementLocator &apos;By.xpath: //div[@class=&apos;photoSection hasPhotoLinks&apos;]//a[1]&apos; (tried for 50 second(s) with 500 milliseconds interval)
	at org.openqa.selenium.support.ui.WebDriverWait.timeoutException(WebDriverWait.java:95)
	at org.openqa.selenium.support.ui.FluentWait.until(FluentWait.java:272)
	at com.salesForce.base.BasePage.waitUntilVisible(BasePage.java:106)
	at com.salesForce.pages.profiles.ProfilePage.clickuploadphotolink(ProfilePage.java:115)
	at com.salesForce.tests.Home.UserMenuDropDownTest.userMenuVerification(UserMenuDropDownTest.java:33)
	at java.base/java.util.ArrayList.forEach(ArrayList.java:1511)
Caused by: org.openqa.selenium.NoSuchElementException: no such element: Unable to locate element: {&quot;method&quot;:&quot;xpath&quot;,&quot;selector&quot;:&quot;//div[@class=&apos;photoSection hasPhotoLinks&apos;]//a[1]&quot;}
  (Session info: chrome=98.0.4758.102)
For documentation on this error, please visit: http://seleniumhq.org/exceptions/no_such_element.html
Build info: version: &apos;3.141.5&apos;, revision: &apos;d54ebd709a&apos;, time: &apos;2018-11-06T11:42:16&apos;
System info: host: &apos;DESKTOP-KDKJ11Q&apos;, ip: &apos;192.168.0.10&apos;, os.name: &apos;Windows 10&apos;, os.arch: &apos;amd64&apos;, os.version: &apos;10.0&apos;, java.version: &apos;16.0.2&apos;
Driver info: org.openqa.selenium.chrome.ChromeDriver
Capabilities {acceptInsecureCerts: false, browserName: chrome, browserVersion: 98.0.4758.102, chrome: {chromedriverVersion: 98.0.4758.102 (273bf7ac8c90..., userDataDir: C:\Users\chitr\AppData\Loca...}, goog:chromeOptions: {debuggerAddress: localhost:51157}, javascriptEnabled: true, networkConnectionEnabled: false, pageLoadStrategy: normal, platform: WINDOWS, platformName: WINDOWS, proxy: Proxy(), setWindowRect: true, strictFileInteractability: false, timeouts: {implicit: 0, pageLoad: 300000, script: 30000}, unhandledPromptBehavior: dismiss and notify, webauthn:extension:credBlob: true, webauthn:extension:largeBlob: true, webauthn:virtualAuthenticators: true}
Session ID: df47231dcbc5a7f28e565cd4a7a5a80d
*** Element info: {Using=xpath, value=//div[@class=&apos;photoSection hasPhotoLinks&apos;]//a[1]}
	at org.openqa.selenium.remote.http.W3CHttpResponseCodec.createException(W3CHttpResponseCodec.java:187)
	at org.openqa.selenium.remote.http.W3CHttpResponseCodec.decode(W3CHttpResponseCodec.java:122)
	at org.openqa.selenium.remote.http.W3CHttpResponseCodec.decode(W3CHttpResponseCodec.java:49)
	at org.openqa.selenium.remote.HttpCommandExecutor.execute(HttpCommandExecutor.java:158)
	at org.openqa.selenium.remote.service.DriverCommandExecutor.execute(DriverCommandExecutor.java:83)
	at org.openqa.selenium.remote.RemoteWebDriver.execute(RemoteWebDriver.java:552)
	at org.openqa.selenium.remote.RemoteWebDriver.findElement(RemoteWebDriver.java:323)
	at org.openqa.selenium.remote.RemoteWebDriver.findElementByXPath(RemoteWebDriver.java:428)
	at org.openqa.selenium.By$ByXPath.findElement(By.java:353)
	at org.openqa.selenium.remote.RemoteWebDriver.findElement(RemoteWebDriver.java:315)
	at org.openqa.selenium.support.pagefactory.DefaultElementLocator.findElement(DefaultElementLocator.java:69)
	at org.openqa.selenium.support.pagefactory.internal.LocatingElementHandler.invoke(LocatingElementHandler.java:38)
	at jdk.proxy2/jdk.proxy2.$Proxy15.isDisplayed(Unknown Source)
	at org.openqa.selenium.support.ui.ExpectedConditions.elementIfVisible(ExpectedConditions.java:314)
	at org.openqa.selenium.support.ui.ExpectedConditions.access$000(ExpectedConditions.java:43)
	at org.openqa.selenium.support.ui.ExpectedConditions$10.apply(ExpectedConditions.java:300)
	at org.openqa.selenium.support.ui.ExpectedConditions$10.apply(ExpectedConditions.java:297)
	at org.openqa.selenium.support.ui.FluentWait.until(FluentWait.java:249)
	... 31 more
... Removed 32 stack frames
</div> <!-- stack-trace -->
                </div> <!-- method-content -->
              </div> <!-- method -->
            </div> <!-- main-panel-content rounded-window-bottom -->
          </div> <!-- suite-Suite-class-failed -->
          <div class="suite-Suite-class-failed">
            <div class="main-panel-header rounded-window-top">
              <img src="failed.png"/>
              <span class="class-name">com.salesForce.tests.Account.AccountTest</span>
            </div> <!-- main-panel-header rounded-window-top -->
            <div class="main-panel-content rounded-window-bottom">
              <div class="method">
                <div class="method-content">
                  <a name="mergeAccountT13">
                  </a> <!-- mergeAccountT13 -->
                  <span class="method-name">mergeAccountT13</span>
                  <div class="stack-trace">org.openqa.selenium.NoSuchElementException: no such element: Unable to locate element: {&quot;method&quot;:&quot;xpath&quot;,&quot;selector&quot;:&quot;/select[@id=&apos;hotlist_mode&apos;]&quot;}
  (Session info: chrome=98.0.4758.102)
For documentation on this error, please visit: http://seleniumhq.org/exceptions/no_such_element.html
Build info: version: &apos;3.141.5&apos;, revision: &apos;d54ebd709a&apos;, time: &apos;2018-11-06T11:42:16&apos;
System info: host: &apos;DESKTOP-KDKJ11Q&apos;, ip: &apos;192.168.0.10&apos;, os.name: &apos;Windows 10&apos;, os.arch: &apos;amd64&apos;, os.version: &apos;10.0&apos;, java.version: &apos;16.0.2&apos;
Driver info: org.openqa.selenium.chrome.ChromeDriver
Capabilities {acceptInsecureCerts: false, browserName: chrome, browserVersion: 98.0.4758.102, chrome: {chromedriverVersion: 98.0.4758.102 (273bf7ac8c90..., userDataDir: C:\Users\chitr\AppData\Loca...}, goog:chromeOptions: {debuggerAddress: localhost:51242}, javascriptEnabled: true, networkConnectionEnabled: false, pageLoadStrategy: normal, platform: WINDOWS, platformName: WINDOWS, proxy: Proxy(), setWindowRect: true, strictFileInteractability: false, timeouts: {implicit: 0, pageLoad: 300000, script: 30000}, unhandledPromptBehavior: dismiss and notify, webauthn:extension:credBlob: true, webauthn:extension:largeBlob: true, webauthn:virtualAuthenticators: true}
Session ID: cde1ee469594475a7d42419215859751
*** Element info: {Using=xpath, value=/select[@id=&apos;hotlist_mode&apos;]}
	at org.openqa.selenium.remote.http.W3CHttpResponseCodec.createException(W3CHttpResponseCodec.java:187)
	at org.openqa.selenium.remote.http.W3CHttpResponseCodec.decode(W3CHttpResponseCodec.java:122)
	at org.openqa.selenium.remote.http.W3CHttpResponseCodec.decode(W3CHttpResponseCodec.java:49)
	at org.openqa.selenium.remote.HttpCommandExecutor.execute(HttpCommandExecutor.java:158)
	at org.openqa.selenium.remote.service.DriverCommandExecutor.execute(DriverCommandExecutor.java:83)
	at org.openqa.selenium.remote.RemoteWebDriver.execute(RemoteWebDriver.java:552)
	at org.openqa.selenium.remote.RemoteWebDriver.findElement(RemoteWebDriver.java:323)
	at org.openqa.selenium.remote.RemoteWebDriver.findElementByXPath(RemoteWebDriver.java:428)
	at org.openqa.selenium.By$ByXPath.findElement(By.java:353)
	at org.openqa.selenium.remote.RemoteWebDriver.findElement(RemoteWebDriver.java:315)
	at org.openqa.selenium.support.pagefactory.DefaultElementLocator.findElement(DefaultElementLocator.java:69)
	at org.openqa.selenium.support.pagefactory.internal.LocatingElementHandler.invoke(LocatingElementHandler.java:38)
	at jdk.proxy2/jdk.proxy2.$Proxy15.getTagName(Unknown Source)
	at org.openqa.selenium.support.ui.Select.&lt;init&gt;(Select.java:44)
	at com.salesForce.base.BasePage.selectByTextData(BasePage.java:135)
	at com.salesfForce.pages.Accounts.AccountMerge.mergeAccount(AccountMerge.java:69)
	at com.salesForce.tests.Account.AccountTest.mergeAccountT13(AccountTest.java:58)
	at java.base/java.util.ArrayList.forEach(ArrayList.java:1511)
... Removed 32 stack frames
</div> <!-- stack-trace -->
                </div> <!-- method-content -->
              </div> <!-- method -->
            </div> <!-- main-panel-content rounded-window-bottom -->
          </div> <!-- suite-Suite-class-failed -->
          <div class="suite-Suite-class-passed">
            <div class="main-panel-header rounded-window-top">
              <img src="passed.png"/>
              <span class="class-name">com.salesForce.test.Leads.LeadTest</span>
            </div> <!-- main-panel-header rounded-window-top -->
            <div class="main-panel-content rounded-window-bottom">
              <div class="method">
                <div class="method-content">
                  <a name="LeadsHomT20">
                  </a> <!-- LeadsHomT20 -->
                  <span class="method-name">LeadsHomT20</span>
                </div> <!-- method-content -->
              </div> <!-- method -->
              <div class="method">
                <div class="method-content">
                  <a name="T21LeadSelectView">
                  </a> <!-- T21LeadSelectView -->
                  <span class="method-name">T21LeadSelectView</span>
                </div> <!-- method-content -->
              </div> <!-- method -->
              <div class="method">
                <div class="method-content">
                  <a name="T22DefaultView">
                  </a> <!-- T22DefaultView -->
                  <span class="method-name">T22DefaultView</span>
                </div> <!-- method-content -->
              </div> <!-- method -->
              <div class="method">
                <div class="method-content">
                  <a name="T23TodaysLead">
                  </a> <!-- T23TodaysLead -->
                  <span class="method-name">T23TodaysLead</span>
                </div> <!-- method-content -->
              </div> <!-- method -->
              <div class="method">
                <div class="method-content">
                  <a name="T24NewLead">
                  </a> <!-- T24NewLead -->
                  <span class="method-name">T24NewLead</span>
                </div> <!-- method-content -->
              </div> <!-- method -->
            </div> <!-- main-panel-content rounded-window-bottom -->
          </div> <!-- suite-Suite-class-passed -->
          <div class="suite-Suite-class-passed">
            <div class="main-panel-header rounded-window-top">
              <img src="passed.png"/>
              <span class="class-name">com.salesForce.tests.Login.LoginTest</span>
            </div> <!-- main-panel-header rounded-window-top -->
            <div class="main-panel-content rounded-window-bottom">
              <div class="method">
                <div class="method-content">
                  <a name="ForgotPassword4A">
                  </a> <!-- ForgotPassword4A -->
                  <span class="method-name">ForgotPassword4A</span>
                </div> <!-- method-content -->
              </div> <!-- method -->
              <div class="method">
                <div class="method-content">
                  <a name="LoginToSFDCT2">
                  </a> <!-- LoginToSFDCT2 -->
                  <span class="method-name">LoginToSFDCT2</span>
                </div> <!-- method-content -->
              </div> <!-- method -->
              <div class="method">
                <div class="method-content">
                  <a name="LoginwithoutPwdT1">
                  </a> <!-- LoginwithoutPwdT1 -->
                  <span class="method-name">LoginwithoutPwdT1</span>
                </div> <!-- method-content -->
              </div> <!-- method -->
              <div class="method">
                <div class="method-content">
                  <a name="checkRemeberMe3">
                  </a> <!-- checkRemeberMe3 -->
                  <span class="method-name">checkRemeberMe3</span>
                </div> <!-- method-content -->
              </div> <!-- method -->
              <div class="method">
                <div class="method-content">
                  <a name="validateLoginErrorMesg4B">
                  </a> <!-- validateLoginErrorMesg4B -->
                  <span class="method-name">validateLoginErrorMesg4B</span>
                </div> <!-- method-content -->
              </div> <!-- method -->
            </div> <!-- main-panel-content rounded-window-bottom -->
          </div> <!-- suite-Suite-class-passed -->
          <div class="suite-Suite-class-passed">
            <div class="main-panel-header rounded-window-top">
              <img src="passed.png"/>
              <span class="class-name">com.salesForce.test.Contacts.ContactTest</span>
            </div> <!-- main-panel-header rounded-window-top -->
            <div class="main-panel-content rounded-window-bottom">
              <div class="method">
                <div class="method-content">
                  <a name="T26createNewView">
                  </a> <!-- T26createNewView -->
                  <span class="method-name">T26createNewView</span>
                </div> <!-- method-content -->
              </div> <!-- method -->
              <div class="method">
                <div class="method-content">
                  <a name="T27CheckRecentlyAddesContacts">
                  </a> <!-- T27CheckRecentlyAddesContacts -->
                  <span class="method-name">T27CheckRecentlyAddesContacts</span>
                </div> <!-- method-content -->
              </div> <!-- method -->
              <div class="method">
                <div class="method-content">
                  <a name="T29ViewContactPage">
                  </a> <!-- T29ViewContactPage -->
                  <span class="method-name">T29ViewContactPage</span>
                </div> <!-- method-content -->
              </div> <!-- method -->
              <div class="method">
                <div class="method-content">
                  <a name="T31createNewViewCheckCancelButton">
                  </a> <!-- T31createNewViewCheckCancelButton -->
                  <span class="method-name">T31createNewViewCheckCancelButton</span>
                </div> <!-- method-content -->
              </div> <!-- method -->
              <div class="method">
                <div class="method-content">
                  <a name="T32SaveAndNewButtonVerificationInNewContact">
                  </a> <!-- T32SaveAndNewButtonVerificationInNewContact -->
                  <span class="method-name">T32SaveAndNewButtonVerificationInNewContact</span>
                </div> <!-- method-content -->
              </div> <!-- method -->
              <div class="method">
                <div class="method-content">
                  <a name="createNewContactsT25">
                  </a> <!-- createNewContactsT25 -->
                  <span class="method-name">createNewContactsT25</span>
                </div> <!-- method-content -->
              </div> <!-- method -->
            </div> <!-- main-panel-content rounded-window-bottom -->
          </div> <!-- suite-Suite-class-passed -->
          <div class="suite-Suite-class-passed">
            <div class="main-panel-header rounded-window-top">
              <img src="passed.png"/>
              <span class="class-name">com.salesForce.tests.Home.UserMenuDropDownTest</span>
            </div> <!-- main-panel-header rounded-window-top -->
            <div class="main-panel-content rounded-window-bottom">
              <div class="method">
                <div class="method-content">
                  <a name="developerCOnsoleT08">
                  </a> <!-- developerCOnsoleT08 -->
                  <span class="method-name">developerCOnsoleT08</span>
                </div> <!-- method-content -->
              </div> <!-- method -->
              <div class="method">
                <div class="method-content">
                  <a name="userDropLogOut">
                  </a> <!-- userDropLogOut -->
                  <span class="method-name">userDropLogOut</span>
                </div> <!-- method-content -->
              </div> <!-- method -->
              <div class="method">
                <div class="method-content">
                  <a name="userDropdownMysettingsT07">
                  </a> <!-- userDropdownMysettingsT07 -->
                  <span class="method-name">userDropdownMysettingsT07</span>
                </div> <!-- method-content -->
              </div> <!-- method -->
            </div> <!-- main-panel-content rounded-window-bottom -->
          </div> <!-- suite-Suite-class-passed -->
          <div class="suite-Suite-class-passed">
            <div class="main-panel-header rounded-window-top">
              <img src="passed.png"/>
              <span class="class-name">com.salesForce.tests.Opportunity.OpportunityTest</span>
            </div> <!-- main-panel-header rounded-window-top -->
            <div class="main-panel-content rounded-window-bottom">
              <div class="method">
                <div class="method-content">
                  <a name="QuartelySumryReportT18">
                  </a> <!-- QuartelySumryReportT18 -->
                  <span class="method-name">QuartelySumryReportT18</span>
                </div> <!-- method-content -->
              </div> <!-- method -->
              <div class="method">
                <div class="method-content">
                  <a name="createNewOportuntyT16">
                  </a> <!-- createNewOportuntyT16 -->
                  <span class="method-name">createNewOportuntyT16</span>
                </div> <!-- method-content -->
              </div> <!-- method -->
              <div class="method">
                <div class="method-content">
                  <a name="opportunityPipeLineUserT17">
                  </a> <!-- opportunityPipeLineUserT17 -->
                  <span class="method-name">opportunityPipeLineUserT17</span>
                </div> <!-- method-content -->
              </div> <!-- method -->
              <div class="method">
                <div class="method-content">
                  <a name="opportunityUserT15">
                  </a> <!-- opportunityUserT15 -->
                  <span class="method-name">opportunityUserT15</span>
                </div> <!-- method-content -->
              </div> <!-- method -->
              <div class="method">
                <div class="method-content">
                  <a name="stuckOpportunityT18">
                  </a> <!-- stuckOpportunityT18 -->
                  <span class="method-name">stuckOpportunityT18</span>
                </div> <!-- method-content -->
              </div> <!-- method -->
            </div> <!-- main-panel-content rounded-window-bottom -->
          </div> <!-- suite-Suite-class-passed -->
        </div> <!-- panel Suite -->
        <div panel-name="test-xml-Suite" class="panel">
          <div class="main-panel-header rounded-window-top">
            <span class="header-content">C:\Users\chitr\git\NewAutomationPOM\SeleniumSalesForceAutomationPOMProject\testng.xml</span>
          </div> <!-- main-panel-header rounded-window-top -->
          <div class="main-panel-content rounded-window-bottom">
            <pre>
&lt;?xml version=&quot;1.0&quot; encoding=&quot;UTF-8&quot;?&gt;
&lt;!DOCTYPE suite SYSTEM &quot;https://testng.org/testng-1.0.dtd&quot;&gt;
&lt;suite name=&quot;Suite&quot; guice-stage=&quot;DEVELOPMENT&quot;&gt;
  &lt;test thread-count=&quot;5&quot; name=&quot;Test&quot;&gt;
    &lt;parameter name=&quot;browser&quot; value=&quot;chrome&quot;/&gt;
    &lt;classes&gt;
      &lt;class name=&quot;com.salesForce.tests.Login.LoginTest&quot;/&gt;
      &lt;class name=&quot;com.salesForce.tests.Home.UserMenuDropDownTest&quot;/&gt;
      &lt;class name=&quot;com.salesForce.tests.Account.AccountTest&quot;/&gt;
      &lt;class name=&quot;com.salesForce.tests.Opportunity.OpportunityTest&quot;/&gt;
      &lt;class name=&quot;com.salesForce.test.Leads.LeadTest&quot;/&gt;
      &lt;class name=&quot;com.salesForce.test.Contacts.ContactTest&quot;/&gt;
      &lt;class name=&quot;comm.fierbase.tests.RandomScenario.RandomScenarioTest&quot;/&gt;
    &lt;/classes&gt;
  &lt;/test&gt; &lt;!-- Test --&gt;
&lt;/suite&gt; &lt;!-- Suite --&gt;
            </pre>
          </div> <!-- main-panel-content rounded-window-bottom -->
        </div> <!-- panel -->
        <div panel-name="testlist-Suite" class="panel">
          <div class="main-panel-header rounded-window-top">
            <span class="header-content">Tests for Suite</span>
          </div> <!-- main-panel-header rounded-window-top -->
          <div class="main-panel-content rounded-window-bottom">
            <ul>
              <li>
                <span class="test-name">Test (7 classes)</span>
              </li>
            </ul>
          </div> <!-- main-panel-content rounded-window-bottom -->
        </div> <!-- panel -->
        <div panel-name="group-Suite" class="panel">
          <div class="main-panel-header rounded-window-top">
            <span class="header-content">Groups for Suite</span>
          </div> <!-- main-panel-header rounded-window-top -->
          <div class="main-panel-content rounded-window-bottom">
          </div> <!-- main-panel-content rounded-window-bottom -->
        </div> <!-- panel -->
        <div panel-name="times-Suite" class="panel">
          <div class="main-panel-header rounded-window-top">
            <span class="header-content">Times for Suite</span>
          </div> <!-- main-panel-header rounded-window-top -->
          <div class="main-panel-content rounded-window-bottom">
            <div class="times-div">
              <script type="text/javascript">
suiteTableInitFunctions.push('tableData_Suite');
function tableData_Suite() {
var data = new google.visualization.DataTable();
data.addColumn('number', 'Number');
data.addColumn('string', 'Method');
data.addColumn('string', 'Class');
data.addColumn('number', 'Time (ms)');
data.addRows(29);
data.setCell(0, 0, 0)
data.setCell(0, 1, 'userMenuVerification')
data.setCell(0, 2, 'com.salesForce.tests.Home.UserMenuDropDownTest')
data.setCell(0, 3, 110297);
data.setCell(1, 0, 1)
data.setCell(1, 1, 'mergeAccountT13')
data.setCell(1, 2, 'com.salesForce.tests.Account.AccountTest')
data.setCell(1, 3, 46163);
data.setCell(2, 0, 2)
data.setCell(2, 1, 'T28CheckMyContactView')
data.setCell(2, 2, 'com.salesForce.test.Contacts.ContactTest')
data.setCell(2, 3, 42659);
data.setCell(3, 0, 3)
data.setCell(3, 1, 'T22DefaultView')
data.setCell(3, 2, 'com.salesForce.test.Leads.LeadTest')
data.setCell(3, 3, 25922);
data.setCell(4, 0, 4)
data.setCell(4, 1, 'userDropdownMysettingsT07')
data.setCell(4, 2, 'com.salesForce.tests.Home.UserMenuDropDownTest')
data.setCell(4, 3, 21882);
data.setCell(5, 0, 5)
data.setCell(5, 1, 'createNewContactsT25')
data.setCell(5, 2, 'com.salesForce.test.Contacts.ContactTest')
data.setCell(5, 3, 21517);
data.setCell(6, 0, 6)
data.setCell(6, 1, 'T30createNewViewErrorMessage')
data.setCell(6, 2, 'com.salesForce.test.Contacts.ContactTest')
data.setCell(6, 3, 19590);
data.setCell(7, 0, 7)
data.setCell(7, 1, 'opportunityUserT15')
data.setCell(7, 2, 'com.salesForce.tests.Opportunity.OpportunityTest')
data.setCell(7, 3, 19344);
data.setCell(8, 0, 8)
data.setCell(8, 1, 'verifyTheTabCustomizaionT35')
data.setCell(8, 2, 'comm.fierbase.tests.RandomScenario.RandomScenarioTest')
data.setCell(8, 3, 18845);
data.setCell(9, 0, 9)
data.setCell(9, 1, 'createNewOportuntyT16')
data.setCell(9, 2, 'com.salesForce.tests.Opportunity.OpportunityTest')
data.setCell(9, 3, 17586);
data.setCell(10, 0, 10)
data.setCell(10, 1, 'developerCOnsoleT08')
data.setCell(10, 2, 'com.salesForce.tests.Home.UserMenuDropDownTest')
data.setCell(10, 3, 16886);
data.setCell(11, 0, 11)
data.setCell(11, 1, 'opportunityPipeLineUserT17')
data.setCell(11, 2, 'com.salesForce.tests.Opportunity.OpportunityTest')
data.setCell(11, 3, 16735);
data.setCell(12, 0, 12)
data.setCell(12, 1, 'T32SaveAndNewButtonVerificationInNewContact')
data.setCell(12, 2, 'com.salesForce.test.Contacts.ContactTest')
data.setCell(12, 3, 16436);
data.setCell(13, 0, 13)
data.setCell(13, 1, 'T21LeadSelectView')
data.setCell(13, 2, 'com.salesForce.test.Leads.LeadTest')
data.setCell(13, 3, 15414);
data.setCell(14, 0, 14)
data.setCell(14, 1, 'T31createNewViewCheckCancelButton')
data.setCell(14, 2, 'com.salesForce.test.Contacts.ContactTest')
data.setCell(14, 3, 15287);
data.setCell(15, 0, 15)
data.setCell(15, 1, 'T24NewLead')
data.setCell(15, 2, 'com.salesForce.test.Leads.LeadTest')
data.setCell(15, 3, 14525);
data.setCell(16, 0, 16)
data.setCell(16, 1, 'T26createNewView')
data.setCell(16, 2, 'com.salesForce.test.Contacts.ContactTest')
data.setCell(16, 3, 14435);
data.setCell(17, 0, 17)
data.setCell(17, 1, 'QuartelySumryReportT18')
data.setCell(17, 2, 'com.salesForce.tests.Opportunity.OpportunityTest')
data.setCell(17, 3, 14158);
data.setCell(18, 0, 18)
data.setCell(18, 1, 'T27CheckRecentlyAddesContacts')
data.setCell(18, 2, 'com.salesForce.test.Contacts.ContactTest')
data.setCell(18, 3, 13611);
data.setCell(19, 0, 19)
data.setCell(19, 1, 'checkRemeberMe3')
data.setCell(19, 2, 'com.salesForce.tests.Login.LoginTest')
data.setCell(19, 3, 13247);
data.setCell(20, 0, 20)
data.setCell(20, 1, 'userDropLogOut')
data.setCell(20, 2, 'com.salesForce.tests.Home.UserMenuDropDownTest')
data.setCell(20, 3, 12717);
data.setCell(21, 0, 21)
data.setCell(21, 1, 'stuckOpportunityT18')
data.setCell(21, 2, 'com.salesForce.tests.Opportunity.OpportunityTest')
data.setCell(21, 3, 12600);
data.setCell(22, 0, 22)
data.setCell(22, 1, 'LeadsHomT20')
data.setCell(22, 2, 'com.salesForce.test.Leads.LeadTest')
data.setCell(22, 3, 12111);
data.setCell(23, 0, 23)
data.setCell(23, 1, 'T29ViewContactPage')
data.setCell(23, 2, 'com.salesForce.test.Contacts.ContactTest')
data.setCell(23, 3, 11039);
data.setCell(24, 0, 24)
data.setCell(24, 1, 'T23TodaysLead')
data.setCell(24, 2, 'com.salesForce.test.Leads.LeadTest')
data.setCell(24, 3, 10124);
data.setCell(25, 0, 25)
data.setCell(25, 1, 'LoginToSFDCT2')
data.setCell(25, 2, 'com.salesForce.tests.Login.LoginTest')
data.setCell(25, 3, 8304);
data.setCell(26, 0, 26)
data.setCell(26, 1, 'ForgotPassword4A')
data.setCell(26, 2, 'com.salesForce.tests.Login.LoginTest')
data.setCell(26, 3, 2694);
data.setCell(27, 0, 27)
data.setCell(27, 1, 'LoginwithoutPwdT1')
data.setCell(27, 2, 'com.salesForce.tests.Login.LoginTest')
data.setCell(27, 3, 1488);
data.setCell(28, 0, 28)
data.setCell(28, 1, 'validateLoginErrorMesg4B')
data.setCell(28, 2, 'com.salesForce.tests.Login.LoginTest')
data.setCell(28, 3, 741);
window.suiteTableData['Suite']= { tableData: data, tableDiv: 'times-div-Suite'}
return data;
}
              </script>
              <span class="suite-total-time">Total running time: 9 minutes</span>
              <div id="times-div-Suite">
              </div> <!-- times-div-Suite -->
            </div> <!-- times-div -->
          </div> <!-- main-panel-content rounded-window-bottom -->
        </div> <!-- panel -->
        <div panel-name="reporter-Suite" class="panel">
          <div class="main-panel-header rounded-window-top">
            <span class="header-content">Reporter output for Suite</span>
          </div> <!-- main-panel-header rounded-window-top -->
          <div class="main-panel-content rounded-window-bottom">
          </div> <!-- main-panel-content rounded-window-bottom -->
        </div> <!-- panel -->
        <div panel-name="ignored-methods-Suite" class="panel">
          <div class="main-panel-header rounded-window-top">
            <span class="header-content">12 ignored methods</span>
          </div> <!-- main-panel-header rounded-window-top -->
          <div class="main-panel-content rounded-window-bottom">
            <div class="ignored-class-div">
              <span class="ignored-class-name">comm.fierbase.tests.RandomScenario.RandomScenarioTest</span>
              <div class="ignored-methods-div">
                <span class="ignored-method-name">endUp</span>
                <br/>
                <span class="ignored-method-name">setUp</span>
                <br/>
              </div> <!-- ignored-methods-div -->
            </div> <!-- ignored-class-div -->
            <div class="ignored-class-div">
              <span class="ignored-class-name">com.salesForce.test.Leads.LeadTest</span>
              <div class="ignored-methods-div">
                <span class="ignored-method-name">endUp</span>
                <br/>
                <span class="ignored-method-name">setUp</span>
                <br/>
              </div> <!-- ignored-methods-div -->
            </div> <!-- ignored-class-div -->
            <div class="ignored-class-div">
              <span class="ignored-class-name">com.salesForce.test.Contacts.ContactTest</span>
              <div class="ignored-methods-div">
                <span class="ignored-method-name">endUp</span>
                <br/>
                <span class="ignored-method-name">setUp</span>
                <br/>
              </div> <!-- ignored-methods-div -->
            </div> <!-- ignored-class-div -->
            <div class="ignored-class-div">
              <span class="ignored-class-name">com.salesForce.tests.Home.UserMenuDropDownTest</span>
              <div class="ignored-methods-div">
                <span class="ignored-method-name">endUp</span>
                <br/>
                <span class="ignored-method-name">setUp</span>
                <br/>
              </div> <!-- ignored-methods-div -->
            </div> <!-- ignored-class-div -->
            <div class="ignored-class-div">
              <span class="ignored-class-name">com.salesForce.tests.Opportunity.OpportunityTest</span>
              <div class="ignored-methods-div">
                <span class="ignored-method-name">endUp</span>
                <br/>
                <span class="ignored-method-name">setUp</span>
                <br/>
              </div> <!-- ignored-methods-div -->
            </div> <!-- ignored-class-div -->
            <div class="ignored-class-div">
              <span class="ignored-class-name">com.salesForce.tests.Account.AccountTest</span>
              <div class="ignored-methods-div">
                <span class="ignored-method-name">endUp</span>
                <br/>
                <span class="ignored-method-name">setUp</span>
                <br/>
              </div> <!-- ignored-methods-div -->
            </div> <!-- ignored-class-div -->
          </div> <!-- main-panel-content rounded-window-bottom -->
        </div> <!-- panel -->
        <div panel-name="chronological-Suite" class="panel">
          <div class="main-panel-header rounded-window-top">
            <span class="header-content">Methods in chronological order</span>
          </div> <!-- main-panel-header rounded-window-top -->
          <div class="main-panel-content rounded-window-bottom">
            <div class="chronological-class">
              <div class="chronological-class-name">com.salesForce.tests.Login.LoginTest</div> <!-- chronological-class-name -->
              <div class="configuration-test before">
                <span class="method-name">setUp</span>
                <span class="method-start">0 ms</span>
              </div> <!-- configuration-test before -->
              <div class="configuration-method before">
                <span class="method-name">initialSetUp(chrome, public void com.salesForce.tests.Login.LoginTest.ForgotPassword4A())</span>
                <span class="method-start">374 ms</span>
              </div> <!-- configuration-method before -->
              <div class="test-method">
                <span class="method-name">ForgotPassword4A</span>
                <span class="method-start">20374 ms</span>
              </div> <!-- test-method -->
              <div class="configuration-method after">
                <span class="method-name">tearDown([TestResult name=ForgotPassword4A status=SUCCESS method=LoginTest.ForgotPassword4A()[pri:0, instance...)</span>
                <span class="method-start">23070 ms</span>
              </div> <!-- configuration-method after -->
              <div class="configuration-method before">
                <span class="method-name">initialSetUp(chrome, public void com.salesForce.tests.Login.LoginTest.LoginToSFDCT2())</span>
                <span class="method-start">24180 ms</span>
              </div> <!-- configuration-method before -->
              <div class="test-method">
                <span class="method-name">LoginToSFDCT2</span>
                <span class="method-start">31940 ms</span>
              </div> <!-- test-method -->
              <div class="configuration-method after">
                <span class="method-name">tearDown([TestResult name=LoginToSFDCT2 status=SUCCESS method=LoginTest.LoginToSFDCT2()[pri:0, instance:com.s...)</span>
                <span class="method-start">40244 ms</span>
              </div> <!-- configuration-method after -->
              <div class="configuration-method before">
                <span class="method-name">initialSetUp(chrome, public void com.salesForce.tests.Login.LoginTest.LoginwithoutPwdT1())</span>
                <span class="method-start">40567 ms</span>
              </div> <!-- configuration-method before -->
              <div class="test-method">
                <span class="method-name">LoginwithoutPwdT1</span>
                <span class="method-start">47594 ms</span>
              </div> <!-- test-method -->
              <div class="configuration-method after">
                <span class="method-name">tearDown([TestResult name=LoginwithoutPwdT1 status=SUCCESS method=LoginTest.LoginwithoutPwdT1()[pri:0, instan...)</span>
                <span class="method-start">49083 ms</span>
              </div> <!-- configuration-method after -->
              <div class="configuration-method before">
                <span class="method-name">initialSetUp(chrome, public void com.salesForce.tests.Login.LoginTest.checkRemeberMe3())</span>
                <span class="method-start">51868 ms</span>
              </div> <!-- configuration-method before -->
              <div class="test-method">
                <span class="method-name">checkRemeberMe3</span>
                <span class="method-start">60845 ms</span>
              </div> <!-- test-method -->
              <div class="configuration-method after">
                <span class="method-name">tearDown([TestResult name=checkRemeberMe3 status=SUCCESS method=LoginTest.checkRemeberMe3()[pri:0, instance:c...)</span>
                <span class="method-start">74093 ms</span>
              </div> <!-- configuration-method after -->
              <div class="configuration-method before">
                <span class="method-name">initialSetUp(chrome, public void com.salesForce.tests.Login.LoginTest.validateLoginErrorMesg4B())</span>
                <span class="method-start">74513 ms</span>
              </div> <!-- configuration-method before -->
              <div class="test-method">
                <span class="method-name">validateLoginErrorMesg4B</span>
                <span class="method-start">84506 ms</span>
              </div> <!-- test-method -->
              <div class="configuration-method after">
                <span class="method-name">tearDown([TestResult name=validateLoginErrorMesg4B status=SUCCESS method=LoginTest.validateLoginErrorMesg4B()...)</span>
                <span class="method-start">85248 ms</span>
              </div> <!-- configuration-method after -->
            </div> <!-- chronological-class -->
            <div class="chronological-class">
              <div class="chronological-class-name">com.salesForce.tests.Home.UserMenuDropDownTest</div> <!-- chronological-class-name -->
              <div class="configuration-method before">
                <span class="method-name">initialSetUp(chrome, public static void com.salesForce.tests.Home.UserMenuDropDownTest.developerCOnsoleT08())</span>
                <span class="method-start">85879 ms</span>
              </div> <!-- configuration-method before -->
              <div class="test-method">
                <span class="method-name">developerCOnsoleT08</span>
                <span class="method-start">91789 ms</span>
              </div> <!-- test-method -->
              <div class="configuration-method after">
                <span class="method-name">tearDown([TestResult name=developerCOnsoleT08 status=SUCCESS method=UserMenuDropDownTest.developerCOnsoleT08(...)</span>
                <span class="method-start">108677 ms</span>
              </div> <!-- configuration-method after -->
              <div class="configuration-method before">
                <span class="method-name">initialSetUp(chrome, public static void com.salesForce.tests.Home.UserMenuDropDownTest.userDropLogOut())</span>
                <span class="method-start">109089 ms</span>
              </div> <!-- configuration-method before -->
              <div class="test-method">
                <span class="method-name">userDropLogOut</span>
                <span class="method-start">117940 ms</span>
              </div> <!-- test-method -->
              <div class="configuration-method after">
                <span class="method-name">tearDown([TestResult name=userDropLogOut status=SUCCESS method=UserMenuDropDownTest.userDropLogOut()[pri:0, i...)</span>
                <span class="method-start">130658 ms</span>
              </div> <!-- configuration-method after -->
              <div class="configuration-method before">
                <span class="method-name">initialSetUp(chrome, public static void com.salesForce.tests.Home.UserMenuDropDownTest.userDropdownMysettingsT07(...)</span>
                <span class="method-start">130946 ms</span>
              </div> <!-- configuration-method before -->
              <div class="test-method">
                <span class="method-name">userDropdownMysettingsT07</span>
                <span class="method-start">137086 ms</span>
              </div> <!-- test-method -->
              <div class="configuration-method after">
                <span class="method-name">tearDown([TestResult name=userDropdownMysettingsT07 status=SUCCESS method=UserMenuDropDownTest.userDropdownMy...)</span>
                <span class="method-start">158969 ms</span>
              </div> <!-- configuration-method after -->
              <div class="configuration-method before">
                <span class="method-name">initialSetUp(chrome, public static void com.salesForce.tests.Home.UserMenuDropDownTest.userMenuVerification())</span>
                <span class="method-start">159296 ms</span>
              </div> <!-- configuration-method before -->
              <div class="test-method">
                <img src="failed.png">
                </img>
                <span class="method-name">userMenuVerification</span>
                <span class="method-start">164545 ms</span>
              </div> <!-- test-method -->
              <div class="configuration-method after">
                <span class="method-name">tearDown([TestResult name=userMenuVerification status=FAILURE method=UserMenuDropDownTest.userMenuVerificatio...)</span>
                <span class="method-start">274844 ms</span>
              </div> <!-- configuration-method after -->
            </div> <!-- chronological-class -->
            <div class="chronological-class">
              <div class="chronological-class-name">com.salesForce.tests.Account.AccountTest</div> <!-- chronological-class-name -->
              <div class="configuration-method before">
                <span class="method-name">initialSetUp(chrome, public void com.salesForce.tests.Account.AccountTest.mergeAccountT13())</span>
                <span class="method-start">275439 ms</span>
              </div> <!-- configuration-method before -->
              <div class="test-method">
                <img src="failed.png">
                </img>
                <span class="method-name">mergeAccountT13</span>
                <span class="method-start">280891 ms</span>
              </div> <!-- test-method -->
              <div class="configuration-method after">
                <span class="method-name">tearDown([TestResult name=mergeAccountT13 status=FAILURE method=AccountTest.mergeAccountT13()[pri:0, instance...)</span>
                <span class="method-start">327058 ms</span>
              </div> <!-- configuration-method after -->
            </div> <!-- chronological-class -->
            <div class="chronological-class">
              <div class="chronological-class-name">com.salesForce.tests.Opportunity.OpportunityTest</div> <!-- chronological-class-name -->
              <div class="configuration-method before">
                <span class="method-name">initialSetUp(chrome, public void com.salesForce.tests.Opportunity.OpportunityTest.QuartelySumryReportT18())</span>
                <span class="method-start">327867 ms</span>
              </div> <!-- configuration-method before -->
              <div class="test-method">
                <span class="method-name">QuartelySumryReportT18</span>
                <span class="method-start">332943 ms</span>
              </div> <!-- test-method -->
              <div class="configuration-method after">
                <span class="method-name">tearDown([TestResult name=QuartelySumryReportT18 status=SUCCESS method=OpportunityTest.QuartelySumryReportT18...)</span>
                <span class="method-start">347102 ms</span>
              </div> <!-- configuration-method after -->
              <div class="configuration-method before">
                <span class="method-name">initialSetUp(chrome, public void com.salesForce.tests.Opportunity.OpportunityTest.createNewOportuntyT16())</span>
                <span class="method-start">347473 ms</span>
              </div> <!-- configuration-method before -->
              <div class="test-method">
                <span class="method-name">createNewOportuntyT16</span>
                <span class="method-start">354583 ms</span>
              </div> <!-- test-method -->
              <div class="configuration-method after">
                <span class="method-name">tearDown([TestResult name=createNewOportuntyT16 status=SUCCESS method=OpportunityTest.createNewOportuntyT16()...)</span>
                <span class="method-start">372169 ms</span>
              </div> <!-- configuration-method after -->
              <div class="configuration-method before">
                <span class="method-name">initialSetUp(chrome, public void com.salesForce.tests.Opportunity.OpportunityTest.opportunityPipeLineUserT17())</span>
                <span class="method-start">372378 ms</span>
              </div> <!-- configuration-method before -->
              <div class="test-method">
                <span class="method-name">opportunityPipeLineUserT17</span>
                <span class="method-start">377163 ms</span>
              </div> <!-- test-method -->
              <div class="configuration-method after">
                <span class="method-name">tearDown([TestResult name=opportunityPipeLineUserT17 status=SUCCESS method=OpportunityTest.opportunityPipeLin...)</span>
                <span class="method-start">393898 ms</span>
              </div> <!-- configuration-method after -->
              <div class="configuration-method before">
                <span class="method-name">initialSetUp(chrome, public void com.salesForce.tests.Opportunity.OpportunityTest.opportunityUserT15())</span>
                <span class="method-start">394800 ms</span>
              </div> <!-- configuration-method before -->
              <div class="test-method">
                <span class="method-name">opportunityUserT15</span>
                <span class="method-start">401660 ms</span>
              </div> <!-- test-method -->
              <div class="configuration-method after">
                <span class="method-name">tearDown([TestResult name=opportunityUserT15 status=SUCCESS method=OpportunityTest.opportunityUserT15()[pri:0...)</span>
                <span class="method-start">421004 ms</span>
              </div> <!-- configuration-method after -->
              <div class="configuration-method before">
                <span class="method-name">initialSetUp(chrome, public void com.salesForce.tests.Opportunity.OpportunityTest.stuckOpportunityT18())</span>
                <span class="method-start">421241 ms</span>
              </div> <!-- configuration-method before -->
              <div class="test-method">
                <span class="method-name">stuckOpportunityT18</span>
                <span class="method-start">429419 ms</span>
              </div> <!-- test-method -->
              <div class="configuration-method after">
                <span class="method-name">tearDown([TestResult name=stuckOpportunityT18 status=SUCCESS method=OpportunityTest.stuckOpportunityT18()[pri...)</span>
                <span class="method-start">442019 ms</span>
              </div> <!-- configuration-method after -->
            </div> <!-- chronological-class -->
            <div class="chronological-class">
              <div class="chronological-class-name">com.salesForce.test.Leads.LeadTest</div> <!-- chronological-class-name -->
              <div class="configuration-method before">
                <span class="method-name">initialSetUp(chrome, public void com.salesForce.test.Leads.LeadTest.LeadsHomT20())</span>
                <span class="method-start">442295 ms</span>
              </div> <!-- configuration-method before -->
              <div class="test-method">
                <span class="method-name">LeadsHomT20</span>
                <span class="method-start">449338 ms</span>
              </div> <!-- test-method -->
              <div class="configuration-method after">
                <span class="method-name">tearDown([TestResult name=LeadsHomT20 status=SUCCESS method=LeadTest.LeadsHomT20()[pri:0, instance:com.salesF...)</span>
                <span class="method-start">461450 ms</span>
              </div> <!-- configuration-method after -->
              <div class="configuration-method before">
                <span class="method-name">initialSetUp(chrome, public void com.salesForce.test.Leads.LeadTest.T21LeadSelectView())</span>
                <span class="method-start">461754 ms</span>
              </div> <!-- configuration-method before -->
              <div class="test-method">
                <span class="method-name">T21LeadSelectView</span>
                <span class="method-start">469606 ms</span>
              </div> <!-- test-method -->
              <div class="configuration-method after">
                <span class="method-name">tearDown([TestResult name=T21LeadSelectView status=SUCCESS method=LeadTest.T21LeadSelectView()[pri:0, instanc...)</span>
                <span class="method-start">485020 ms</span>
              </div> <!-- configuration-method after -->
              <div class="configuration-method before">
                <span class="method-name">initialSetUp(chrome, public void com.salesForce.test.Leads.LeadTest.T22DefaultView())</span>
                <span class="method-start">485273 ms</span>
              </div> <!-- configuration-method before -->
              <div class="test-method">
                <span class="method-name">T22DefaultView</span>
                <span class="method-start">490494 ms</span>
              </div> <!-- test-method -->
              <div class="configuration-method after">
                <span class="method-name">tearDown([TestResult name=T22DefaultView status=SUCCESS method=LeadTest.T22DefaultView()[pri:0, instance:com....)</span>
                <span class="method-start">516416 ms</span>
              </div> <!-- configuration-method after -->
              <div class="configuration-method before">
                <span class="method-name">initialSetUp(chrome, public void com.salesForce.test.Leads.LeadTest.T23TodaysLead())</span>
                <span class="method-start">517231 ms</span>
              </div> <!-- configuration-method before -->
              <div class="test-method">
                <span class="method-name">T23TodaysLead</span>
                <span class="method-start">523360 ms</span>
              </div> <!-- test-method -->
              <div class="configuration-method after">
                <span class="method-name">tearDown([TestResult name=T23TodaysLead status=SUCCESS method=LeadTest.T23TodaysLead()[pri:0, instance:com.sa...)</span>
                <span class="method-start">533485 ms</span>
              </div> <!-- configuration-method after -->
              <div class="configuration-method before">
                <span class="method-name">initialSetUp(chrome, public void com.salesForce.test.Leads.LeadTest.T24NewLead())</span>
                <span class="method-start">533796 ms</span>
              </div> <!-- configuration-method before -->
              <div class="test-method">
                <span class="method-name">T24NewLead</span>
                <span class="method-start">541491 ms</span>
              </div> <!-- test-method -->
              <div class="configuration-method after">
                <span class="method-name">tearDown([TestResult name=T24NewLead status=SUCCESS method=LeadTest.T24NewLead()[pri:0, instance:com.salesFor...)</span>
                <span class="method-start">556017 ms</span>
              </div> <!-- configuration-method after -->
            </div> <!-- chronological-class -->
            <div class="chronological-class">
              <div class="chronological-class-name">com.salesForce.test.Contacts.ContactTest</div> <!-- chronological-class-name -->
              <div class="configuration-method before">
                <span class="method-name">initialSetUp(chrome, public void com.salesForce.test.Contacts.ContactTest.T26createNewView())</span>
                <span class="method-start">556451 ms</span>
              </div> <!-- configuration-method before -->
              <div class="test-method">
                <span class="method-name">T26createNewView</span>
                <span class="method-start">565694 ms</span>
              </div> <!-- test-method -->
              <div class="configuration-method after">
                <span class="method-name">tearDown([TestResult name=T26createNewView status=SUCCESS method=ContactTest.T26createNewView()[pri:0, instan...)</span>
                <span class="method-start">580129 ms</span>
              </div> <!-- configuration-method after -->
              <div class="configuration-method before">
                <span class="method-name">initialSetUp(chrome, public void com.salesForce.test.Contacts.ContactTest.T27CheckRecentlyAddesContacts())</span>
                <span class="method-start">582101 ms</span>
              </div> <!-- configuration-method before -->
              <div class="test-method">
                <span class="method-name">T27CheckRecentlyAddesContacts</span>
                <span class="method-start">588416 ms</span>
              </div> <!-- test-method -->
              <div class="configuration-method after">
                <span class="method-name">tearDown([TestResult name=T27CheckRecentlyAddesContacts status=SUCCESS method=ContactTest.T27CheckRecentlyAdd...)</span>
                <span class="method-start">602028 ms</span>
              </div> <!-- configuration-method after -->
              <div class="configuration-method before">
                <span class="method-name">initialSetUp(chrome, public void com.salesForce.test.Contacts.ContactTest.T28CheckMyContactView())</span>
                <span class="method-start">602286 ms</span>
              </div> <!-- configuration-method before -->
              <div class="test-method">
                <img src="failed.png">
                </img>
                <span class="method-name">T28CheckMyContactView</span>
                <span class="method-start">608218 ms</span>
              </div> <!-- test-method -->
              <div class="configuration-method after">
                <span class="method-name">tearDown([TestResult name=T28CheckMyContactView status=FAILURE method=ContactTest.T28CheckMyContactView()[pri...)</span>
                <span class="method-start">650878 ms</span>
              </div> <!-- configuration-method after -->
              <div class="configuration-method before">
                <span class="method-name">initialSetUp(chrome, public void com.salesForce.test.Contacts.ContactTest.T29ViewContactPage())</span>
                <span class="method-start">651295 ms</span>
              </div> <!-- configuration-method before -->
              <div class="test-method">
                <span class="method-name">T29ViewContactPage</span>
                <span class="method-start">655826 ms</span>
              </div> <!-- test-method -->
              <div class="configuration-method after">
                <span class="method-name">tearDown([TestResult name=T29ViewContactPage status=SUCCESS method=ContactTest.T29ViewContactPage()[pri:0, in...)</span>
                <span class="method-start">666866 ms</span>
              </div> <!-- configuration-method after -->
              <div class="configuration-method before">
                <span class="method-name">initialSetUp(chrome, public void com.salesForce.test.Contacts.ContactTest.T30createNewViewErrorMessage())</span>
                <span class="method-start">667177 ms</span>
              </div> <!-- configuration-method before -->
              <div class="test-method">
                <img src="failed.png">
                </img>
                <span class="method-name">T30createNewViewErrorMessage</span>
                <span class="method-start">679544 ms</span>
              </div> <!-- test-method -->
              <div class="configuration-method after">
                <span class="method-name">tearDown([TestResult name=T30createNewViewErrorMessage status=FAILURE method=ContactTest.T30createNewViewErro...)</span>
                <span class="method-start">699136 ms</span>
              </div> <!-- configuration-method after -->
              <div class="configuration-method before">
                <span class="method-name">initialSetUp(chrome, public void com.salesForce.test.Contacts.ContactTest.T31createNewViewCheckCancelButton())</span>
                <span class="method-start">700691 ms</span>
              </div> <!-- configuration-method before -->
              <div class="test-method">
                <span class="method-name">T31createNewViewCheckCancelButton</span>
                <span class="method-start">709239 ms</span>
              </div> <!-- test-method -->
              <div class="configuration-method after">
                <span class="method-name">tearDown([TestResult name=T31createNewViewCheckCancelButton status=SUCCESS method=ContactTest.T31createNewVie...)</span>
                <span class="method-start">724527 ms</span>
              </div> <!-- configuration-method after -->
              <div class="configuration-method before">
                <span class="method-name">initialSetUp(chrome, public void com.salesForce.test.Contacts.ContactTest.T32SaveAndNewButtonVerificationInNewCon...)</span>
                <span class="method-start">724768 ms</span>
              </div> <!-- configuration-method before -->
              <div class="test-method">
                <span class="method-name">T32SaveAndNewButtonVerificationInNewContact</span>
                <span class="method-start">731041 ms</span>
              </div> <!-- test-method -->
              <div class="configuration-method after">
                <span class="method-name">tearDown([TestResult name=T32SaveAndNewButtonVerificationInNewContact status=SUCCESS method=ContactTest.T32Sa...)</span>
                <span class="method-start">747478 ms</span>
              </div> <!-- configuration-method after -->
              <div class="configuration-method before">
                <span class="method-name">initialSetUp(chrome, public void com.salesForce.test.Contacts.ContactTest.createNewContactsT25())</span>
                <span class="method-start">748116 ms</span>
              </div> <!-- configuration-method before -->
              <div class="test-method">
                <span class="method-name">createNewContactsT25</span>
                <span class="method-start">755422 ms</span>
              </div> <!-- test-method -->
              <div class="configuration-method after">
                <span class="method-name">tearDown([TestResult name=createNewContactsT25 status=SUCCESS method=ContactTest.createNewContactsT25()[pri:0...)</span>
                <span class="method-start">776940 ms</span>
              </div> <!-- configuration-method after -->
            </div> <!-- chronological-class -->
            <div class="chronological-class">
              <div class="chronological-class-name">comm.fierbase.tests.RandomScenario.RandomScenarioTest</div> <!-- chronological-class-name -->
              <div class="configuration-method before">
                <span class="method-name">initialSetUp(chrome, public void comm.fierbase.tests.RandomScenario.RandomScenarioTest.verifyTheTabCustomizaionT3...)</span>
                <span class="method-start">777507 ms</span>
              </div> <!-- configuration-method before -->
              <div class="test-method">
                <img src="failed.png">
                </img>
                <span class="method-name">verifyTheTabCustomizaionT35</span>
                <span class="method-start">784993 ms</span>
              </div> <!-- test-method -->
              <div class="configuration-method after">
                <span class="method-name">tearDown([TestResult name=verifyTheTabCustomizaionT35 status=FAILURE method=RandomScenarioTest.verifyTheTabCu...)</span>
                <span class="method-start">803839 ms</span>
              </div> <!-- configuration-method after -->
            </div> <!-- chronological-class -->
            <div class="chronological-class">
              <div class="chronological-class-name">com.salesForce.tests.Login.LoginTest</div> <!-- chronological-class-name -->
              <div class="configuration-test after">
                <span class="method-name">endUp</span>
                <span class="method-start">804332 ms</span>
              </div> <!-- configuration-test after -->
          </div> <!-- main-panel-content rounded-window-bottom -->
        </div> <!-- panel -->
      </div> <!-- main-panel-root -->
    </div> <!-- wrapper -->
  </body>
<script type="text/javascript" src="testng-reports2.js"></script>
</html>
